2022-01-25 23:30:15.616 +00:00 [INF] Entity Framework Core 6.0.1 initialized 'GymManagerContext' using provider 'Pomelo.EntityFrameworkCore.MySql:6.0.1' with options: ServerVersion 8.0.21-mysql 
2022-01-25 23:36:36.036 +00:00 [INF] Entity Framework Core 6.0.1 initialized 'GymManagerContext' using provider 'Pomelo.EntityFrameworkCore.MySql:6.0.1' with options: ServerVersion 8.0.21-mysql 
2022-01-25 23:36:36.350 +00:00 [INF] Executed DbCommand (19ms) [Parameters=[], CommandType='"Text"', CommandTimeout='30']
SELECT 1 FROM INFORMATION_SCHEMA.TABLES WHERE TABLE_SCHEMA='gymmanager' AND TABLE_NAME='__EFMigrationsHistory';
2022-01-25 23:36:37.351 +00:00 [INF] Executed DbCommand (640ms) [Parameters=[], CommandType='"Text"', CommandTimeout='30']
CREATE TABLE `__EFMigrationsHistory` (
    `MigrationId` varchar(150) CHARACTER SET utf8mb4 NOT NULL,
    `ProductVersion` varchar(32) CHARACTER SET utf8mb4 NOT NULL,
    CONSTRAINT `PK___EFMigrationsHistory` PRIMARY KEY (`MigrationId`)
) CHARACTER SET=utf8mb4;
2022-01-25 23:36:37.367 +00:00 [INF] Executed DbCommand (6ms) [Parameters=[], CommandType='"Text"', CommandTimeout='30']
SELECT 1 FROM INFORMATION_SCHEMA.TABLES WHERE TABLE_SCHEMA='gymmanager' AND TABLE_NAME='__EFMigrationsHistory';
2022-01-25 23:36:37.392 +00:00 [INF] Executed DbCommand (20ms) [Parameters=[], CommandType='"Text"', CommandTimeout='30']
SELECT `MigrationId`, `ProductVersion`
FROM `__EFMigrationsHistory`
ORDER BY `MigrationId`;
2022-01-25 23:36:37.423 +00:00 [INF] Applying migration '20220125233016_Init-Migration'.
2022-01-25 23:36:37.577 +00:00 [INF] Executed DbCommand (52ms) [Parameters=[], CommandType='"Text"', CommandTimeout='30']
ALTER DATABASE CHARACTER SET utf8mb4;
2022-01-25 23:36:37.873 +00:00 [INF] Executed DbCommand (295ms) [Parameters=[], CommandType='"Text"', CommandTimeout='30']
CREATE TABLE `AspNetRoles` (
    `Id` varchar(255) CHARACTER SET utf8mb4 NOT NULL,
    `Name` varchar(256) CHARACTER SET utf8mb4 NULL,
    `NormalizedName` varchar(256) CHARACTER SET utf8mb4 NULL,
    `ConcurrencyStamp` longtext CHARACTER SET utf8mb4 NULL,
    CONSTRAINT `PK_AspNetRoles` PRIMARY KEY (`Id`)
) CHARACTER SET=utf8mb4;
2022-01-25 23:36:38.221 +00:00 [INF] Executed DbCommand (348ms) [Parameters=[], CommandType='"Text"', CommandTimeout='30']
CREATE TABLE `AspNetUsers` (
    `Id` varchar(255) CHARACTER SET utf8mb4 NOT NULL,
    `UserName` varchar(256) CHARACTER SET utf8mb4 NULL,
    `NormalizedUserName` varchar(256) CHARACTER SET utf8mb4 NULL,
    `Email` varchar(256) CHARACTER SET utf8mb4 NULL,
    `NormalizedEmail` varchar(256) CHARACTER SET utf8mb4 NULL,
    `EmailConfirmed` tinyint(1) NOT NULL,
    `PasswordHash` longtext CHARACTER SET utf8mb4 NULL,
    `SecurityStamp` longtext CHARACTER SET utf8mb4 NULL,
    `ConcurrencyStamp` longtext CHARACTER SET utf8mb4 NULL,
    `PhoneNumber` longtext CHARACTER SET utf8mb4 NULL,
    `PhoneNumberConfirmed` tinyint(1) NOT NULL,
    `TwoFactorEnabled` tinyint(1) NOT NULL,
    `LockoutEnd` datetime(6) NULL,
    `LockoutEnabled` tinyint(1) NOT NULL,
    `AccessFailedCount` int NOT NULL,
    CONSTRAINT `PK_AspNetUsers` PRIMARY KEY (`Id`)
) CHARACTER SET=utf8mb4;
2022-01-25 23:36:38.645 +00:00 [INF] Executed DbCommand (422ms) [Parameters=[], CommandType='"Text"', CommandTimeout='30']
CREATE TABLE `AspNetRoleClaims` (
    `Id` int NOT NULL AUTO_INCREMENT,
    `RoleId` varchar(255) CHARACTER SET utf8mb4 NOT NULL,
    `ClaimType` longtext CHARACTER SET utf8mb4 NULL,
    `ClaimValue` longtext CHARACTER SET utf8mb4 NULL,
    CONSTRAINT `PK_AspNetRoleClaims` PRIMARY KEY (`Id`),
    CONSTRAINT `FK_AspNetRoleClaims_AspNetRoles_RoleId` FOREIGN KEY (`RoleId`) REFERENCES `AspNetRoles` (`Id`) ON DELETE CASCADE
) CHARACTER SET=utf8mb4;
2022-01-25 23:36:39.043 +00:00 [INF] Executed DbCommand (396ms) [Parameters=[], CommandType='"Text"', CommandTimeout='30']
CREATE TABLE `AspNetUserClaims` (
    `Id` int NOT NULL AUTO_INCREMENT,
    `UserId` varchar(255) CHARACTER SET utf8mb4 NOT NULL,
    `ClaimType` longtext CHARACTER SET utf8mb4 NULL,
    `ClaimValue` longtext CHARACTER SET utf8mb4 NULL,
    CONSTRAINT `PK_AspNetUserClaims` PRIMARY KEY (`Id`),
    CONSTRAINT `FK_AspNetUserClaims_AspNetUsers_UserId` FOREIGN KEY (`UserId`) REFERENCES `AspNetUsers` (`Id`) ON DELETE CASCADE
) CHARACTER SET=utf8mb4;
2022-01-25 23:36:39.448 +00:00 [INF] Executed DbCommand (404ms) [Parameters=[], CommandType='"Text"', CommandTimeout='30']
CREATE TABLE `AspNetUserLogins` (
    `LoginProvider` varchar(128) CHARACTER SET utf8mb4 NOT NULL,
    `ProviderKey` varchar(128) CHARACTER SET utf8mb4 NOT NULL,
    `ProviderDisplayName` longtext CHARACTER SET utf8mb4 NULL,
    `UserId` varchar(255) CHARACTER SET utf8mb4 NOT NULL,
    CONSTRAINT `PK_AspNetUserLogins` PRIMARY KEY (`LoginProvider`, `ProviderKey`),
    CONSTRAINT `FK_AspNetUserLogins_AspNetUsers_UserId` FOREIGN KEY (`UserId`) REFERENCES `AspNetUsers` (`Id`) ON DELETE CASCADE
) CHARACTER SET=utf8mb4;
2022-01-25 23:36:39.835 +00:00 [INF] Executed DbCommand (387ms) [Parameters=[], CommandType='"Text"', CommandTimeout='30']
CREATE TABLE `AspNetUserRoles` (
    `UserId` varchar(255) CHARACTER SET utf8mb4 NOT NULL,
    `RoleId` varchar(255) CHARACTER SET utf8mb4 NOT NULL,
    CONSTRAINT `PK_AspNetUserRoles` PRIMARY KEY (`UserId`, `RoleId`),
    CONSTRAINT `FK_AspNetUserRoles_AspNetRoles_RoleId` FOREIGN KEY (`RoleId`) REFERENCES `AspNetRoles` (`Id`) ON DELETE CASCADE,
    CONSTRAINT `FK_AspNetUserRoles_AspNetUsers_UserId` FOREIGN KEY (`UserId`) REFERENCES `AspNetUsers` (`Id`) ON DELETE CASCADE
) CHARACTER SET=utf8mb4;
2022-01-25 23:36:40.154 +00:00 [INF] Executed DbCommand (318ms) [Parameters=[], CommandType='"Text"', CommandTimeout='30']
CREATE TABLE `AspNetUserTokens` (
    `UserId` varchar(255) CHARACTER SET utf8mb4 NOT NULL,
    `LoginProvider` varchar(128) CHARACTER SET utf8mb4 NOT NULL,
    `Name` varchar(128) CHARACTER SET utf8mb4 NOT NULL,
    `Value` longtext CHARACTER SET utf8mb4 NULL,
    CONSTRAINT `PK_AspNetUserTokens` PRIMARY KEY (`UserId`, `LoginProvider`, `Name`),
    CONSTRAINT `FK_AspNetUserTokens_AspNetUsers_UserId` FOREIGN KEY (`UserId`) REFERENCES `AspNetUsers` (`Id`) ON DELETE CASCADE
) CHARACTER SET=utf8mb4;
2022-01-25 23:36:40.659 +00:00 [INF] Executed DbCommand (505ms) [Parameters=[], CommandType='"Text"', CommandTimeout='30']
CREATE INDEX `IX_AspNetRoleClaims_RoleId` ON `AspNetRoleClaims` (`RoleId`);
2022-01-25 23:36:40.982 +00:00 [INF] Executed DbCommand (323ms) [Parameters=[], CommandType='"Text"', CommandTimeout='30']
CREATE UNIQUE INDEX `RoleNameIndex` ON `AspNetRoles` (`NormalizedName`);
2022-01-25 23:36:41.264 +00:00 [INF] Executed DbCommand (281ms) [Parameters=[], CommandType='"Text"', CommandTimeout='30']
CREATE INDEX `IX_AspNetUserClaims_UserId` ON `AspNetUserClaims` (`UserId`);
2022-01-25 23:36:41.619 +00:00 [INF] Executed DbCommand (355ms) [Parameters=[], CommandType='"Text"', CommandTimeout='30']
CREATE INDEX `IX_AspNetUserLogins_UserId` ON `AspNetUserLogins` (`UserId`);
2022-01-25 23:36:41.980 +00:00 [INF] Executed DbCommand (359ms) [Parameters=[], CommandType='"Text"', CommandTimeout='30']
CREATE INDEX `IX_AspNetUserRoles_RoleId` ON `AspNetUserRoles` (`RoleId`);
2022-01-25 23:36:42.225 +00:00 [INF] Executed DbCommand (245ms) [Parameters=[], CommandType='"Text"', CommandTimeout='30']
CREATE INDEX `EmailIndex` ON `AspNetUsers` (`NormalizedEmail`);
2022-01-25 23:36:42.451 +00:00 [INF] Executed DbCommand (225ms) [Parameters=[], CommandType='"Text"', CommandTimeout='30']
CREATE UNIQUE INDEX `UserNameIndex` ON `AspNetUsers` (`NormalizedUserName`);
2022-01-25 23:36:42.499 +00:00 [INF] Executed DbCommand (46ms) [Parameters=[], CommandType='"Text"', CommandTimeout='30']
INSERT INTO `__EFMigrationsHistory` (`MigrationId`, `ProductVersion`)
VALUES ('20220125233016_Init-Migration', '6.0.1');
