2022-01-29 01:17:56.983 +00:00 [INF] Entity Framework Core 6.0.1 initialized 'GymManagerContext' using provider 'Pomelo.EntityFrameworkCore.MySql:6.0.1' with options: ServerVersion 8.0.21-mysql 
2022-01-29 01:22:47.515 +00:00 [INF] Entity Framework Core 6.0.1 initialized 'GymManagerContext' using provider 'Pomelo.EntityFrameworkCore.MySql:6.0.1' with options: ServerVersion 8.0.21-mysql 
2022-01-29 01:38:52.405 +00:00 [INF] Entity Framework Core 6.0.1 initialized 'GymManagerContext' using provider 'Pomelo.EntityFrameworkCore.MySql:6.0.1' with options: ServerVersion 8.0.21-mysql 
2022-01-29 01:39:28.028 +00:00 [INF] Entity Framework Core 6.0.1 initialized 'GymManagerContext' using provider 'Pomelo.EntityFrameworkCore.MySql:6.0.1' with options: ServerVersion 8.0.21-mysql 
2022-01-29 01:42:00.134 +00:00 [INF] Entity Framework Core 6.0.1 initialized 'GymManagerContext' using provider 'Pomelo.EntityFrameworkCore.MySql:6.0.1' with options: ServerVersion 8.0.21-mysql 
2022-01-29 01:42:00.495 +00:00 [INF] Executed DbCommand (26ms) [Parameters=[], CommandType='"Text"', CommandTimeout='30']
SELECT 1 FROM INFORMATION_SCHEMA.TABLES WHERE TABLE_SCHEMA='gymmanager' AND TABLE_NAME='__EFMigrationsHistory';
2022-01-29 01:42:00.520 +00:00 [INF] Executed DbCommand (2ms) [Parameters=[], CommandType='"Text"', CommandTimeout='30']
SELECT 1 FROM INFORMATION_SCHEMA.TABLES WHERE TABLE_SCHEMA='gymmanager' AND TABLE_NAME='__EFMigrationsHistory';
2022-01-29 01:42:00.587 +00:00 [INF] Executed DbCommand (5ms) [Parameters=[], CommandType='"Text"', CommandTimeout='30']
SELECT `MigrationId`, `ProductVersion`
FROM `__EFMigrationsHistory`
ORDER BY `MigrationId`;
2022-01-29 01:42:00.631 +00:00 [INF] Applying migration '20220129012247_Init-Migration2'.
2022-01-29 01:42:00.949 +00:00 [INF] Executed DbCommand (229ms) [Parameters=[], CommandType='"Text"', CommandTimeout='30']
INSERT INTO `__EFMigrationsHistory` (`MigrationId`, `ProductVersion`)
VALUES ('20220129012247_Init-Migration2', '6.0.1');
2022-01-29 01:42:01.023 +00:00 [INF] Applying migration '20220129013928_Init-prueba'.
2022-01-29 01:42:02.235 +00:00 [INF] Executed DbCommand (1,039ms) [Parameters=[], CommandType='"Text"', CommandTimeout='30']
CREATE TABLE `Cities` (
    `Id` int NOT NULL AUTO_INCREMENT,
    `Name` longtext CHARACTER SET utf8mb4 NOT NULL,
    CONSTRAINT `PK_Cities` PRIMARY KEY (`Id`)
) CHARACTER SET=utf8mb4;
2022-01-29 01:42:02.288 +00:00 [INF] Executed DbCommand (52ms) [Parameters=[], CommandType='"Text"', CommandTimeout='30']
INSERT INTO `__EFMigrationsHistory` (`MigrationId`, `ProductVersion`)
VALUES ('20220129013928_Init-prueba', '6.0.1');
2022-01-29 01:59:48.178 +00:00 [INF] Entity Framework Core 6.0.1 initialized 'GymManagerContext' using provider 'Pomelo.EntityFrameworkCore.MySql:6.0.1' with options: ServerVersion 8.0.21-mysql 
2022-01-29 02:16:04.961 +00:00 [INF] Entity Framework Core 6.0.1 initialized 'GymManagerContext' using provider 'Pomelo.EntityFrameworkCore.MySql:6.0.1' with options: ServerVersion 8.0.21-mysql 
2022-01-29 02:18:25.621 +00:00 [INF] Entity Framework Core 6.0.1 initialized 'GymManagerContext' using provider 'Pomelo.EntityFrameworkCore.MySql:6.0.1' with options: ServerVersion 8.0.21-mysql 
2022-01-29 02:18:25.982 +00:00 [INF] Executed DbCommand (29ms) [Parameters=[], CommandType='"Text"', CommandTimeout='30']
SELECT 1 FROM INFORMATION_SCHEMA.TABLES WHERE TABLE_SCHEMA='gymmanager' AND TABLE_NAME='__EFMigrationsHistory';
2022-01-29 02:18:26.051 +00:00 [INF] Executed DbCommand (6ms) [Parameters=[], CommandType='"Text"', CommandTimeout='30']
SELECT `MigrationId`, `ProductVersion`
FROM `__EFMigrationsHistory`
ORDER BY `MigrationId`;
2022-01-29 02:19:24.553 +00:00 [INF] Entity Framework Core 6.0.1 initialized 'GymManagerContext' using provider 'Pomelo.EntityFrameworkCore.MySql:6.0.1' with options: ServerVersion 8.0.21-mysql 
2022-01-29 02:19:24.864 +00:00 [INF] Executed DbCommand (24ms) [Parameters=[], CommandType='"Text"', CommandTimeout='30']
SELECT 1 FROM INFORMATION_SCHEMA.TABLES WHERE TABLE_SCHEMA='gymmanager' AND TABLE_NAME='__EFMigrationsHistory';
2022-01-29 02:19:24.884 +00:00 [INF] Executed DbCommand (2ms) [Parameters=[], CommandType='"Text"', CommandTimeout='30']
SELECT 1 FROM INFORMATION_SCHEMA.TABLES WHERE TABLE_SCHEMA='gymmanager' AND TABLE_NAME='__EFMigrationsHistory';
2022-01-29 02:19:24.943 +00:00 [INF] Executed DbCommand (4ms) [Parameters=[], CommandType='"Text"', CommandTimeout='30']
SELECT `MigrationId`, `ProductVersion`
FROM `__EFMigrationsHistory`
ORDER BY `MigrationId`;
2022-01-29 02:19:24.984 +00:00 [INF] Applying migration '20220129015948_prueba-productos'.
2022-01-29 02:19:26.439 +00:00 [INF] Executed DbCommand (1,275ms) [Parameters=[], CommandType='"Text"', CommandTimeout='30']
ALTER TABLE `Cities` MODIFY COLUMN `Name` varchar(200) CHARACTER SET utf8mb4 NOT NULL;
2022-01-29 02:19:26.796 +00:00 [INF] Executed DbCommand (357ms) [Parameters=[], CommandType='"Text"', CommandTimeout='30']
CREATE TABLE `MeasureTypes` (
    `Id` int NOT NULL AUTO_INCREMENT,
    `Name` int NOT NULL,
    CONSTRAINT `PK_MeasureTypes` PRIMARY KEY (`Id`)
) CHARACTER SET=utf8mb4;
2022-01-29 02:19:27.136 +00:00 [INF] Executed DbCommand (340ms) [Parameters=[], CommandType='"Text"', CommandTimeout='30']
CREATE TABLE `ProductTypes` (
    `Id` int NOT NULL AUTO_INCREMENT,
    `Name` varchar(200) CHARACTER SET utf8mb4 NOT NULL,
    CONSTRAINT `PK_ProductTypes` PRIMARY KEY (`Id`)
) CHARACTER SET=utf8mb4;
2022-01-29 02:19:27.670 +00:00 [INF] Executed DbCommand (534ms) [Parameters=[], CommandType='"Text"', CommandTimeout='30']
CREATE TABLE `Products` (
    `Id` int NOT NULL AUTO_INCREMENT,
    `Name` varchar(200) CHARACTER SET utf8mb4 NOT NULL,
    `Brand` varchar(200) CHARACTER SET utf8mb4 NOT NULL,
    `Amount` decimal(65,30) NOT NULL,
    `MeasureTypeId` int NOT NULL,
    `ProductTypeId` int NOT NULL,
    CONSTRAINT `PK_Products` PRIMARY KEY (`Id`),
    CONSTRAINT `FK_Products_MeasureTypes_MeasureTypeId` FOREIGN KEY (`MeasureTypeId`) REFERENCES `MeasureTypes` (`Id`) ON DELETE CASCADE,
    CONSTRAINT `FK_Products_ProductTypes_ProductTypeId` FOREIGN KEY (`ProductTypeId`) REFERENCES `ProductTypes` (`Id`) ON DELETE CASCADE
) CHARACTER SET=utf8mb4;
2022-01-29 02:19:28.077 +00:00 [INF] Executed DbCommand (406ms) [Parameters=[], CommandType='"Text"', CommandTimeout='30']
CREATE TABLE `ProductPrices` (
    `Id` int NOT NULL AUTO_INCREMENT,
    `Price` decimal(65,30) NOT NULL,
    `Date` datetime(6) NOT NULL,
    `ProductId` int NOT NULL,
    CONSTRAINT `PK_ProductPrices` PRIMARY KEY (`Id`),
    CONSTRAINT `FK_ProductPrices_Products_ProductId` FOREIGN KEY (`ProductId`) REFERENCES `Products` (`Id`) ON DELETE CASCADE
) CHARACTER SET=utf8mb4;
2022-01-29 02:19:28.384 +00:00 [INF] Executed DbCommand (307ms) [Parameters=[], CommandType='"Text"', CommandTimeout='30']
CREATE INDEX `IX_ProductPrices_ProductId` ON `ProductPrices` (`ProductId`);
2022-01-29 02:19:28.870 +00:00 [INF] Executed DbCommand (485ms) [Parameters=[], CommandType='"Text"', CommandTimeout='30']
CREATE INDEX `IX_Products_MeasureTypeId` ON `Products` (`MeasureTypeId`);
2022-01-29 02:19:29.141 +00:00 [INF] Executed DbCommand (271ms) [Parameters=[], CommandType='"Text"', CommandTimeout='30']
CREATE INDEX `IX_Products_ProductTypeId` ON `Products` (`ProductTypeId`);
2022-01-29 02:19:29.173 +00:00 [INF] Executed DbCommand (32ms) [Parameters=[], CommandType='"Text"', CommandTimeout='30']
INSERT INTO `__EFMigrationsHistory` (`MigrationId`, `ProductVersion`)
VALUES ('20220129015948_prueba-productos', '6.0.1');
2022-01-29 02:19:29.186 +00:00 [INF] Applying migration '20220129021605_prueba-02-15'.
2022-01-29 02:19:29.242 +00:00 [INF] Executed DbCommand (1ms) [Parameters=[], CommandType='"Text"', CommandTimeout='30']
INSERT INTO `__EFMigrationsHistory` (`MigrationId`, `ProductVersion`)
VALUES ('20220129021605_prueba-02-15', '6.0.1');
2022-01-29 03:34:55.051 +00:00 [INF] Entity Framework Core 6.0.1 initialized 'GymManagerContext' using provider 'Pomelo.EntityFrameworkCore.MySql:6.0.1' with options: ServerVersion 8.0.21-mysql 
2022-01-29 03:36:04.493 +00:00 [INF] Entity Framework Core 6.0.1 initialized 'GymManagerContext' using provider 'Pomelo.EntityFrameworkCore.MySql:6.0.1' with options: ServerVersion 8.0.21-mysql 
2022-01-29 03:36:04.850 +00:00 [INF] Executed DbCommand (28ms) [Parameters=[], CommandType='"Text"', CommandTimeout='30']
SELECT 1 FROM INFORMATION_SCHEMA.TABLES WHERE TABLE_SCHEMA='gymmanager' AND TABLE_NAME='__EFMigrationsHistory';
2022-01-29 03:36:04.875 +00:00 [INF] Executed DbCommand (3ms) [Parameters=[], CommandType='"Text"', CommandTimeout='30']
SELECT 1 FROM INFORMATION_SCHEMA.TABLES WHERE TABLE_SCHEMA='gymmanager' AND TABLE_NAME='__EFMigrationsHistory';
2022-01-29 03:36:04.940 +00:00 [INF] Executed DbCommand (6ms) [Parameters=[], CommandType='"Text"', CommandTimeout='30']
SELECT `MigrationId`, `ProductVersion`
FROM `__EFMigrationsHistory`
ORDER BY `MigrationId`;
2022-01-29 03:36:04.986 +00:00 [INF] Applying migration '20220129033455_prueba-03-34'.
2022-01-29 03:36:05.700 +00:00 [INF] Executed DbCommand (487ms) [Parameters=[], CommandType='"Text"', CommandTimeout='30']
CREATE TABLE `EquipmentTypes` (
    `Id` int NOT NULL AUTO_INCREMENT,
    `Name` varchar(200) CHARACTER SET utf8mb4 NOT NULL,
    `Description` longtext CHARACTER SET utf8mb4 NOT NULL,
    CONSTRAINT `PK_EquipmentTypes` PRIMARY KEY (`Id`)
) CHARACTER SET=utf8mb4;
2022-01-29 03:36:06.163 +00:00 [INF] Executed DbCommand (462ms) [Parameters=[], CommandType='"Text"', CommandTimeout='30']
CREATE TABLE `Members` (
    `Id` int NOT NULL AUTO_INCREMENT,
    `Name` varchar(15) CHARACTER SET utf8mb4 NOT NULL,
    `LastName` varchar(20) CHARACTER SET utf8mb4 NOT NULL,
    `BirthDay` datetime(6) NOT NULL,
    `RegisteredDate` datetime(6) NOT NULL,
    `CityId` int NOT NULL,
    `Email` longtext CHARACTER SET utf8mb4 NOT NULL,
    `AllowNewsLetter` tinyint(1) NOT NULL,
    CONSTRAINT `PK_Members` PRIMARY KEY (`Id`),
    CONSTRAINT `FK_Members_Cities_CityId` FOREIGN KEY (`CityId`) REFERENCES `Cities` (`Id`) ON DELETE CASCADE
) CHARACTER SET=utf8mb4;
2022-01-29 03:36:06.546 +00:00 [INF] Executed DbCommand (383ms) [Parameters=[], CommandType='"Text"', CommandTimeout='30']
CREATE TABLE `Memberships` (
    `Id` int NOT NULL AUTO_INCREMENT,
    `Name` varchar(50) CHARACTER SET utf8mb4 NOT NULL,
    `Cost` decimal(65,30) NOT NULL,
    `CreatedOn` datetime(6) NOT NULL,
    `Duration` int NOT NULL,
    `DurationMeasure` longtext CHARACTER SET utf8mb4 NOT NULL,
    CONSTRAINT `PK_Memberships` PRIMARY KEY (`Id`)
) CHARACTER SET=utf8mb4;
2022-01-29 03:36:07.013 +00:00 [INF] Executed DbCommand (467ms) [Parameters=[], CommandType='"Text"', CommandTimeout='30']
CREATE TABLE `Refills` (
    `Id` int NOT NULL AUTO_INCREMENT,
    `Quantity` int NOT NULL,
    `Stock` int NOT NULL,
    `Expiration` datetime(6) NOT NULL,
    `RefilledDate` datetime(6) NOT NULL,
    `CostPerUnit` decimal(65,30) NOT NULL,
    `ProductId` int NOT NULL,
    CONSTRAINT `PK_Refills` PRIMARY KEY (`Id`),
    CONSTRAINT `FK_Refills_Products_ProductId` FOREIGN KEY (`ProductId`) REFERENCES `Products` (`Id`) ON DELETE CASCADE
) CHARACTER SET=utf8mb4;
2022-01-29 03:36:07.371 +00:00 [INF] Executed DbCommand (357ms) [Parameters=[], CommandType='"Text"', CommandTimeout='30']
CREATE TABLE `Sales` (
    `Id` int NOT NULL AUTO_INCREMENT,
    `SaleDate` datetime(6) NOT NULL,
    `Amount` decimal(65,30) NOT NULL,
    CONSTRAINT `PK_Sales` PRIMARY KEY (`Id`)
) CHARACTER SET=utf8mb4;
2022-01-29 03:36:07.887 +00:00 [INF] Executed DbCommand (515ms) [Parameters=[], CommandType='"Text"', CommandTimeout='30']
CREATE TABLE `MemberMemberships` (
    `Id` int NOT NULL AUTO_INCREMENT,
    `Date` datetime(6) NOT NULL,
    `MembershipId` int NOT NULL,
    `MemberId` int NOT NULL,
    `status` tinyint(1) NOT NULL,
    CONSTRAINT `PK_MemberMemberships` PRIMARY KEY (`Id`),
    CONSTRAINT `FK_MemberMemberships_Members_MemberId` FOREIGN KEY (`MemberId`) REFERENCES `Members` (`Id`) ON DELETE CASCADE,
    CONSTRAINT `FK_MemberMemberships_Memberships_MembershipId` FOREIGN KEY (`MembershipId`) REFERENCES `Memberships` (`Id`) ON DELETE CASCADE
) CHARACTER SET=utf8mb4;
2022-01-29 03:36:08.258 +00:00 [INF] Executed DbCommand (371ms) [Parameters=[], CommandType='"Text"', CommandTimeout='30']
CREATE TABLE `SaleRows` (
    `Id` int NOT NULL AUTO_INCREMENT,
    `Quantity` int NOT NULL,
    `saleId` int NOT NULL,
    CONSTRAINT `PK_SaleRows` PRIMARY KEY (`Id`),
    CONSTRAINT `FK_SaleRows_Sales_saleId` FOREIGN KEY (`saleId`) REFERENCES `Sales` (`Id`) ON DELETE CASCADE
) CHARACTER SET=utf8mb4;
2022-01-29 03:36:08.583 +00:00 [INF] Executed DbCommand (324ms) [Parameters=[], CommandType='"Text"', CommandTimeout='30']
CREATE INDEX `IX_MemberMemberships_MemberId` ON `MemberMemberships` (`MemberId`);
2022-01-29 03:36:08.913 +00:00 [INF] Executed DbCommand (330ms) [Parameters=[], CommandType='"Text"', CommandTimeout='30']
CREATE INDEX `IX_MemberMemberships_MembershipId` ON `MemberMemberships` (`MembershipId`);
2022-01-29 03:36:09.264 +00:00 [INF] Executed DbCommand (351ms) [Parameters=[], CommandType='"Text"', CommandTimeout='30']
CREATE INDEX `IX_Members_CityId` ON `Members` (`CityId`);
2022-01-29 03:36:09.629 +00:00 [INF] Executed DbCommand (364ms) [Parameters=[], CommandType='"Text"', CommandTimeout='30']
CREATE INDEX `IX_Refills_ProductId` ON `Refills` (`ProductId`);
2022-01-29 03:36:09.932 +00:00 [INF] Executed DbCommand (304ms) [Parameters=[], CommandType='"Text"', CommandTimeout='30']
CREATE INDEX `IX_SaleRows_saleId` ON `SaleRows` (`saleId`);
2022-01-29 03:36:09.984 +00:00 [INF] Executed DbCommand (51ms) [Parameters=[], CommandType='"Text"', CommandTimeout='30']
INSERT INTO `__EFMigrationsHistory` (`MigrationId`, `ProductVersion`)
VALUES ('20220129033455_prueba-03-34', '6.0.1');
2022-01-29 03:49:41.051 +00:00 [INF] Entity Framework Core 6.0.1 initialized 'GymManagerContext' using provider 'Pomelo.EntityFrameworkCore.MySql:6.0.1' with options: ServerVersion 8.0.21-mysql 
2022-01-29 04:05:52.877 +00:00 [INF] Entity Framework Core 6.0.1 initialized 'GymManagerContext' using provider 'Pomelo.EntityFrameworkCore.MySql:6.0.1' with options: ServerVersion 8.0.21-mysql 
2022-01-29 04:06:25.155 +00:00 [INF] Entity Framework Core 6.0.1 initialized 'GymManagerContext' using provider 'Pomelo.EntityFrameworkCore.MySql:6.0.1' with options: ServerVersion 8.0.21-mysql 
2022-01-29 04:06:25.476 +00:00 [INF] Executed DbCommand (22ms) [Parameters=[], CommandType='"Text"', CommandTimeout='30']
SELECT 1 FROM INFORMATION_SCHEMA.TABLES WHERE TABLE_SCHEMA='gymmanager' AND TABLE_NAME='__EFMigrationsHistory';
2022-01-29 04:06:25.497 +00:00 [INF] Executed DbCommand (2ms) [Parameters=[], CommandType='"Text"', CommandTimeout='30']
SELECT 1 FROM INFORMATION_SCHEMA.TABLES WHERE TABLE_SCHEMA='gymmanager' AND TABLE_NAME='__EFMigrationsHistory';
2022-01-29 04:06:25.554 +00:00 [INF] Executed DbCommand (4ms) [Parameters=[], CommandType='"Text"', CommandTimeout='30']
SELECT `MigrationId`, `ProductVersion`
FROM `__EFMigrationsHistory`
ORDER BY `MigrationId`;
2022-01-29 04:06:25.591 +00:00 [INF] Applying migration '20220129034942_prueba-03-48'.
2022-01-29 04:06:25.978 +00:00 [INF] Executed DbCommand (250ms) [Parameters=[], CommandType='"Text"', CommandTimeout='30']
ALTER TABLE `SaleRows` ADD `RefilledId` int NOT NULL DEFAULT 0;
2022-01-29 04:06:26.173 +00:00 [INF] Executed DbCommand (195ms) [Parameters=[], CommandType='"Text"', CommandTimeout='30']
CREATE INDEX `IX_SaleRows_RefilledId` ON `SaleRows` (`RefilledId`);
2022-01-29 04:06:27.536 +00:00 [INF] Executed DbCommand (1,362ms) [Parameters=[], CommandType='"Text"', CommandTimeout='30']
ALTER TABLE `SaleRows` ADD CONSTRAINT `FK_SaleRows_Refills_RefilledId` FOREIGN KEY (`RefilledId`) REFERENCES `Refills` (`Id`) ON DELETE CASCADE;
2022-01-29 04:06:27.586 +00:00 [INF] Executed DbCommand (50ms) [Parameters=[], CommandType='"Text"', CommandTimeout='30']
INSERT INTO `__EFMigrationsHistory` (`MigrationId`, `ProductVersion`)
VALUES ('20220129034942_prueba-03-48', '6.0.1');
2022-01-29 04:06:27.598 +00:00 [INF] Applying migration '20220129040553_prueba-04-05'.
2022-01-29 04:06:27.674 +00:00 [INF] Executed DbCommand (1ms) [Parameters=[], CommandType='"Text"', CommandTimeout='30']
INSERT INTO `__EFMigrationsHistory` (`MigrationId`, `ProductVersion`)
VALUES ('20220129040553_prueba-04-05', '6.0.1');
2022-01-29 04:14:12.334 +00:00 [INF] Entity Framework Core 6.0.1 initialized 'GymManagerContext' using provider 'Pomelo.EntityFrameworkCore.MySql:6.0.1' with options: ServerVersion 8.0.21-mysql 
2022-01-29 04:14:37.750 +00:00 [INF] Entity Framework Core 6.0.1 initialized 'GymManagerContext' using provider 'Pomelo.EntityFrameworkCore.MySql:6.0.1' with options: ServerVersion 8.0.21-mysql 
2022-01-29 04:14:38.071 +00:00 [INF] Executed DbCommand (27ms) [Parameters=[], CommandType='"Text"', CommandTimeout='30']
SELECT 1 FROM INFORMATION_SCHEMA.TABLES WHERE TABLE_SCHEMA='gymmanager' AND TABLE_NAME='__EFMigrationsHistory';
2022-01-29 04:14:38.093 +00:00 [INF] Executed DbCommand (2ms) [Parameters=[], CommandType='"Text"', CommandTimeout='30']
SELECT 1 FROM INFORMATION_SCHEMA.TABLES WHERE TABLE_SCHEMA='gymmanager' AND TABLE_NAME='__EFMigrationsHistory';
2022-01-29 04:14:38.147 +00:00 [INF] Executed DbCommand (4ms) [Parameters=[], CommandType='"Text"', CommandTimeout='30']
SELECT `MigrationId`, `ProductVersion`
FROM `__EFMigrationsHistory`
ORDER BY `MigrationId`;
2022-01-29 04:14:38.208 +00:00 [INF] Applying migration '20220129041412_prueba-04-13'.
2022-01-29 04:14:39.213 +00:00 [INF] Executed DbCommand (759ms) [Parameters=[], CommandType='"Text"', CommandTimeout='30']
ALTER TABLE `Memberships` MODIFY COLUMN `Cost` decimal(10,2) NOT NULL;
2022-01-29 04:14:39.261 +00:00 [INF] Executed DbCommand (47ms) [Parameters=[], CommandType='"Text"', CommandTimeout='30']
INSERT INTO `__EFMigrationsHistory` (`MigrationId`, `ProductVersion`)
VALUES ('20220129041412_prueba-04-13', '6.0.1');
2022-01-29 04:18:54.455 +00:00 [INF] Entity Framework Core 6.0.1 initialized 'GymManagerContext' using provider 'Pomelo.EntityFrameworkCore.MySql:6.0.1' with options: ServerVersion 8.0.21-mysql 
2022-01-29 04:19:19.977 +00:00 [INF] Entity Framework Core 6.0.1 initialized 'GymManagerContext' using provider 'Pomelo.EntityFrameworkCore.MySql:6.0.1' with options: ServerVersion 8.0.21-mysql 
2022-01-29 04:19:20.341 +00:00 [INF] Executed DbCommand (31ms) [Parameters=[], CommandType='"Text"', CommandTimeout='30']
SELECT 1 FROM INFORMATION_SCHEMA.TABLES WHERE TABLE_SCHEMA='gymmanager' AND TABLE_NAME='__EFMigrationsHistory';
2022-01-29 04:19:20.362 +00:00 [INF] Executed DbCommand (2ms) [Parameters=[], CommandType='"Text"', CommandTimeout='30']
SELECT 1 FROM INFORMATION_SCHEMA.TABLES WHERE TABLE_SCHEMA='gymmanager' AND TABLE_NAME='__EFMigrationsHistory';
2022-01-29 04:19:20.421 +00:00 [INF] Executed DbCommand (4ms) [Parameters=[], CommandType='"Text"', CommandTimeout='30']
SELECT `MigrationId`, `ProductVersion`
FROM `__EFMigrationsHistory`
ORDER BY `MigrationId`;
2022-01-29 04:19:20.472 +00:00 [INF] Applying migration '20220129041855_prueba-04-18'.
2022-01-29 04:19:21.366 +00:00 [INF] Executed DbCommand (748ms) [Parameters=[], CommandType='"Text"', CommandTimeout='30']
ALTER TABLE `Sales` MODIFY COLUMN `Amount` decimal(10,2) NOT NULL;
2022-01-29 04:19:22.619 +00:00 [INF] Executed DbCommand (1,253ms) [Parameters=[], CommandType='"Text"', CommandTimeout='30']
ALTER TABLE `Refills` MODIFY COLUMN `CostPerUnit` decimal(10,2) NOT NULL;
2022-01-29 04:19:23.584 +00:00 [INF] Executed DbCommand (964ms) [Parameters=[], CommandType='"Text"', CommandTimeout='30']
ALTER TABLE `Products` MODIFY COLUMN `Amount` decimal(10,2) NOT NULL;
2022-01-29 04:19:23.631 +00:00 [INF] Executed DbCommand (46ms) [Parameters=[], CommandType='"Text"', CommandTimeout='30']
INSERT INTO `__EFMigrationsHistory` (`MigrationId`, `ProductVersion`)
VALUES ('20220129041855_prueba-04-18', '6.0.1');
2022-01-29 04:27:54.611 +00:00 [INF] Entity Framework Core 6.0.1 initialized 'GymManagerContext' using provider 'Pomelo.EntityFrameworkCore.MySql:6.0.1' with options: ServerVersion 8.0.21-mysql 
2022-01-29 04:28:19.433 +00:00 [INF] Entity Framework Core 6.0.1 initialized 'GymManagerContext' using provider 'Pomelo.EntityFrameworkCore.MySql:6.0.1' with options: ServerVersion 8.0.21-mysql 
2022-01-29 04:28:19.755 +00:00 [INF] Executed DbCommand (25ms) [Parameters=[], CommandType='"Text"', CommandTimeout='30']
SELECT 1 FROM INFORMATION_SCHEMA.TABLES WHERE TABLE_SCHEMA='gymmanager' AND TABLE_NAME='__EFMigrationsHistory';
2022-01-29 04:28:19.776 +00:00 [INF] Executed DbCommand (2ms) [Parameters=[], CommandType='"Text"', CommandTimeout='30']
SELECT 1 FROM INFORMATION_SCHEMA.TABLES WHERE TABLE_SCHEMA='gymmanager' AND TABLE_NAME='__EFMigrationsHistory';
2022-01-29 04:28:19.835 +00:00 [INF] Executed DbCommand (5ms) [Parameters=[], CommandType='"Text"', CommandTimeout='30']
SELECT `MigrationId`, `ProductVersion`
FROM `__EFMigrationsHistory`
ORDER BY `MigrationId`;
2022-01-29 04:28:19.877 +00:00 [INF] Applying migration '20220129042755_prueba-04-27'.
2022-01-29 04:28:20.274 +00:00 [INF] Executed DbCommand (262ms) [Parameters=[], CommandType='"Text"', CommandTimeout='30']
ALTER TABLE `SaleRows` DROP FOREIGN KEY `FK_SaleRows_Sales_saleId`;
2022-01-29 04:28:20.424 +00:00 [INF] Executed DbCommand (149ms) [Parameters=[], CommandType='"Text"', CommandTimeout='30']
ALTER TABLE `SaleRows` RENAME COLUMN `saleId` TO `SaleId`;
2022-01-29 04:28:20.533 +00:00 [INF] Executed DbCommand (108ms) [Parameters=[], CommandType='"Text"', CommandTimeout='30']
ALTER TABLE `SaleRows` RENAME INDEX `IX_SaleRows_saleId` TO `IX_SaleRows_SaleId`;
2022-01-29 04:28:21.402 +00:00 [INF] Executed DbCommand (869ms) [Parameters=[], CommandType='"Text"', CommandTimeout='30']
ALTER TABLE `SaleRows` ADD CONSTRAINT `FK_SaleRows_Sales_SaleId` FOREIGN KEY (`SaleId`) REFERENCES `Sales` (`Id`) ON DELETE CASCADE;
2022-01-29 04:28:21.442 +00:00 [INF] Executed DbCommand (39ms) [Parameters=[], CommandType='"Text"', CommandTimeout='30']
INSERT INTO `__EFMigrationsHistory` (`MigrationId`, `ProductVersion`)
VALUES ('20220129042755_prueba-04-27', '6.0.1');
