2022-01-26 00:12:05.441 +00:00 [WRN] Storing keys in a directory '/home/lugo/.aspnet/DataProtection-Keys' that may not be persisted outside of the container. Protected data will be unavailable when container is destroyed.
2022-01-26 00:12:05.596 +00:00 [INF] User profile is available. Using '/home/lugo/.aspnet/DataProtection-Keys' as key repository; keys will not be encrypted at rest.
2022-01-26 00:12:06.005 +00:00 [INF] Creating key {3aa42fac-5798-4dab-98ae-63a60310f959} with creation date 2022-01-26 00:12:05Z, activation date 2022-01-26 00:12:05Z, and expiration date 2022-04-26 00:12:05Z.
2022-01-26 00:12:06.069 +00:00 [WRN] No XML encryptor configured. Key {3aa42fac-5798-4dab-98ae-63a60310f959} may be persisted to storage in unencrypted form.
2022-01-26 00:12:06.098 +00:00 [INF] Writing data to file '/home/lugo/.aspnet/DataProtection-Keys/key-3aa42fac-5798-4dab-98ae-63a60310f959.xml'.
2022-01-26 00:13:01.374 +00:00 [WRN] Storing keys in a directory '/home/lugo/.aspnet/DataProtection-Keys' that may not be persisted outside of the container. Protected data will be unavailable when container is destroyed.
2022-01-26 00:13:01.457 +00:00 [INF] User profile is available. Using '/home/lugo/.aspnet/DataProtection-Keys' as key repository; keys will not be encrypted at rest.
2022-01-26 00:13:02.429 +00:00 [INF] Now listening on: https://localhost:7097
2022-01-26 00:13:02.429 +00:00 [INF] Now listening on: http://localhost:5097
2022-01-26 00:13:02.432 +00:00 [INF] Application started. Press Ctrl+C to shut down.
2022-01-26 00:13:02.432 +00:00 [INF] Hosting environment: Development
2022-01-26 00:13:02.432 +00:00 [INF] Content root path: /workspace/GymManager.Web/GymManager.Web/
2022-01-26 00:14:42.494 +00:00 [INF] Request starting HTTP/1.1 GET http://localhost:5097/ - -
2022-01-26 00:14:42.571 +00:00 [INF] Authorization failed. These requirements were not met:
DenyAnonymousAuthorizationRequirement: Requires an authenticated user.
2022-01-26 00:14:42.587 +00:00 [INF] AuthenticationScheme: Identity.Application was challenged.
2022-01-26 00:14:42.595 +00:00 [INF] Request finished HTTP/1.1 GET http://localhost:5097/ - - - 302 0 - 104.0992ms
2022-01-26 00:14:42.611 +00:00 [INF] Request starting HTTP/1.1 GET http://localhost:5097/Account/LogIn?ReturnUrl=%2F - -
2022-01-26 00:14:42.620 +00:00 [INF] Request finished HTTP/1.1 GET http://localhost:5097/Account/LogIn?ReturnUrl=%2F - - - 404 0 - 8.0361ms
2022-01-26 00:14:47.537 +00:00 [INF] Request starting HTTP/1.1 HEAD http://localhost:5097/ - -
2022-01-26 00:14:47.540 +00:00 [INF] Authorization failed. These requirements were not met:
DenyAnonymousAuthorizationRequirement: Requires an authenticated user.
2022-01-26 00:14:47.541 +00:00 [INF] AuthenticationScheme: Identity.Application was challenged.
2022-01-26 00:14:47.543 +00:00 [INF] Request finished HTTP/1.1 HEAD http://localhost:5097/ - - - 302 - - 4.7314ms
2022-01-26 00:14:47.543 +00:00 [INF] Request starting HTTP/1.1 HEAD http://localhost:5097/Account/LogIn?ReturnUrl=%2F - -
2022-01-26 00:14:47.551 +00:00 [INF] Request finished HTTP/1.1 HEAD http://localhost:5097/Account/LogIn?ReturnUrl=%2F - - - 404 - - 7.6972ms
2022-01-26 00:18:33.227 +00:00 [INF] Request starting HTTP/1.1 GET http://localhost:5097/ - -
2022-01-26 00:18:33.229 +00:00 [INF] Authorization failed. These requirements were not met:
DenyAnonymousAuthorizationRequirement: Requires an authenticated user.
2022-01-26 00:18:33.229 +00:00 [INF] AuthenticationScheme: Identity.Application was challenged.
2022-01-26 00:18:33.230 +00:00 [INF] Request finished HTTP/1.1 GET http://localhost:5097/ - - - 302 0 - 2.4563ms
2022-01-26 00:18:33.325 +00:00 [INF] Request starting HTTP/1.1 GET http://localhost:5097/Account/LogIn?ReturnUrl=%2F - -
2022-01-26 00:18:33.326 +00:00 [INF] Request finished HTTP/1.1 GET http://localhost:5097/Account/LogIn?ReturnUrl=%2F - - - 404 0 - 0.4629ms
2022-01-26 00:18:45.383 +00:00 [INF] Request starting HTTP/1.1 GET http://localhost:5097/ - -
2022-01-26 00:18:45.383 +00:00 [INF] Authorization failed. These requirements were not met:
DenyAnonymousAuthorizationRequirement: Requires an authenticated user.
2022-01-26 00:18:45.384 +00:00 [INF] AuthenticationScheme: Identity.Application was challenged.
2022-01-26 00:18:45.384 +00:00 [INF] Request finished HTTP/1.1 GET http://localhost:5097/ - - - 302 0 - 0.9222ms
2022-01-26 00:18:45.434 +00:00 [INF] Request starting HTTP/1.1 GET http://localhost:5097/Account/LogIn?ReturnUrl=%2F - -
2022-01-26 00:18:45.434 +00:00 [INF] Request finished HTTP/1.1 GET http://localhost:5097/Account/LogIn?ReturnUrl=%2F - - - 404 0 - 0.3983ms
2022-01-26 00:20:06.917 +00:00 [INF] Request starting HTTP/1.1 GET http://localhost:5097/Account/Login?ReturnUrl=%2F - -
2022-01-26 00:20:06.918 +00:00 [INF] Request finished HTTP/1.1 GET http://localhost:5097/Account/Login?ReturnUrl=%2F - - - 404 0 - 0.4893ms
2022-01-26 00:20:14.610 +00:00 [INF] Request starting HTTP/1.1 GET http://localhost:5097/Account/Login - -
2022-01-26 00:20:14.610 +00:00 [INF] Request finished HTTP/1.1 GET http://localhost:5097/Account/Login - - - 404 0 - 0.5261ms
2022-01-26 00:23:07.648 +00:00 [INF] Application is shutting down...
2022-01-26 00:24:40.635 +00:00 [WRN] Storing keys in a directory '/home/lugo/.aspnet/DataProtection-Keys' that may not be persisted outside of the container. Protected data will be unavailable when container is destroyed.
2022-01-26 00:24:40.691 +00:00 [INF] User profile is available. Using '/home/lugo/.aspnet/DataProtection-Keys' as key repository; keys will not be encrypted at rest.
2022-01-26 00:24:41.108 +00:00 [INF] Now listening on: https://localhost:7097
2022-01-26 00:24:41.108 +00:00 [INF] Now listening on: http://localhost:5097
2022-01-26 00:24:41.109 +00:00 [INF] Application started. Press Ctrl+C to shut down.
2022-01-26 00:24:41.110 +00:00 [INF] Hosting environment: Development
2022-01-26 00:24:41.110 +00:00 [INF] Content root path: /workspace/GymManager.Web/GymManager.Web/
2022-01-26 00:25:12.842 +00:00 [INF] Request starting HTTP/1.1 GET http://localhost:5097/Account/Login - -
2022-01-26 00:25:12.929 +00:00 [INF] Executing endpoint 'GymManager.Web.Controllers.AccountController.Login (GymManager.Web)'
2022-01-26 00:25:12.966 +00:00 [INF] Route matched with {action = "Login", controller = "Account", page = "", area = ""}. Executing controller action with signature Microsoft.AspNetCore.Mvc.IActionResult Login() on controller GymManager.Web.Controllers.AccountController (GymManager.Web).
2022-01-26 00:25:19.378 +00:00 [INF] Executing ViewResult, running view Login.
2022-01-26 00:25:21.875 +00:00 [INF] Executed ViewResult - view Login executed in 8887.8656ms.
2022-01-26 00:25:21.884 +00:00 [INF] Executed action GymManager.Web.Controllers.AccountController.Login (GymManager.Web) in 8915.8243ms
2022-01-26 00:25:21.884 +00:00 [INF] Executed endpoint 'GymManager.Web.Controllers.AccountController.Login (GymManager.Web)'
2022-01-26 00:25:21.895 +00:00 [INF] Request finished HTTP/1.1 GET http://localhost:5097/Account/Login - - - 200 - text/html;+charset=utf-8 9057.5413ms
2022-01-26 00:25:22.272 +00:00 [INF] Request starting HTTP/1.1 GET http://localhost:5097/bootstrap/css/bootstrap.min.css - -
2022-01-26 00:25:22.279 +00:00 [INF] Request starting HTTP/1.1 GET http://localhost:5097/css/custom.css - -
2022-01-26 00:25:22.351 +00:00 [INF] Sending file. Request path: '/css/custom.css'. Physical path: '/workspace/GymManager.Web/GymManager.Web/wwwroot/css/custom.css'
2022-01-26 00:25:22.353 +00:00 [INF] Request finished HTTP/1.1 GET http://localhost:5097/css/custom.css - - - 200 110 text/css 74.4319ms
2022-01-26 00:25:22.357 +00:00 [INF] Request starting HTTP/1.1 GET http://localhost:5097/bootstrap/js/bootstrap.bundle.min.js - -
2022-01-26 00:25:22.362 +00:00 [INF] Request starting HTTP/1.1 GET http://localhost:5097/js/moment.js - -
2022-01-26 00:25:22.368 +00:00 [INF] Sending file. Request path: '/bootstrap/js/bootstrap.bundle.min.js'. Physical path: '/workspace/GymManager.Web/GymManager.Web/wwwroot/bootstrap/js/bootstrap.bundle.min.js'
2022-01-26 00:25:22.373 +00:00 [INF] Request finished HTTP/1.1 GET http://localhost:5097/bootstrap/js/bootstrap.bundle.min.js - - - 200 78743 application/javascript 15.7387ms
2022-01-26 00:25:22.373 +00:00 [INF] Sending file. Request path: '/bootstrap/css/bootstrap.min.css'. Physical path: '/workspace/GymManager.Web/GymManager.Web/wwwroot/bootstrap/css/bootstrap.min.css'
2022-01-26 00:25:22.373 +00:00 [INF] Request finished HTTP/1.1 GET http://localhost:5097/bootstrap/css/bootstrap.min.css - - - 200 155845 text/css 101.6092ms
2022-01-26 00:25:22.375 +00:00 [INF] Sending file. Request path: '/js/moment.js'. Physical path: '/workspace/GymManager.Web/GymManager.Web/wwwroot/js/moment.js'
2022-01-26 00:25:22.375 +00:00 [INF] Request finished HTTP/1.1 GET http://localhost:5097/js/moment.js - - - 200 179764 application/javascript 13.6636ms
2022-01-26 00:25:22.720 +00:00 [INF] Request starting HTTP/1.1 HEAD http://localhost:5097/ - -
2022-01-26 00:25:22.748 +00:00 [INF] Authorization failed. These requirements were not met:
DenyAnonymousAuthorizationRequirement: Requires an authenticated user.
2022-01-26 00:25:22.766 +00:00 [INF] AuthenticationScheme: Identity.Application was challenged.
2022-01-26 00:25:22.766 +00:00 [INF] Request finished HTTP/1.1 HEAD http://localhost:5097/ - - - 302 - - 46.2862ms
2022-01-26 00:25:22.768 +00:00 [INF] Request starting HTTP/1.1 HEAD http://localhost:5097/Account/LogIn?ReturnUrl=%2F - -
2022-01-26 00:25:22.768 +00:00 [INF] Executing endpoint 'GymManager.Web.Controllers.AccountController.Login (GymManager.Web)'
2022-01-26 00:25:22.769 +00:00 [INF] Route matched with {action = "Login", controller = "Account", page = "", area = ""}. Executing controller action with signature Microsoft.AspNetCore.Mvc.IActionResult Login() on controller GymManager.Web.Controllers.AccountController (GymManager.Web).
2022-01-26 00:25:22.770 +00:00 [INF] Executing ViewResult, running view Login.
2022-01-26 00:25:22.781 +00:00 [INF] Executed ViewResult - view Login executed in 11.5348ms.
2022-01-26 00:25:22.786 +00:00 [INF] Executed action GymManager.Web.Controllers.AccountController.Login (GymManager.Web) in 17.2337ms
2022-01-26 00:25:22.786 +00:00 [INF] Executed endpoint 'GymManager.Web.Controllers.AccountController.Login (GymManager.Web)'
2022-01-26 00:25:22.787 +00:00 [INF] Request finished HTTP/1.1 HEAD http://localhost:5097/Account/LogIn?ReturnUrl=%2F - - - 200 - text/html;+charset=utf-8 18.7143ms
2022-01-26 00:25:24.029 +00:00 [INF] Request starting HTTP/1.1 GET http://localhost:5097/favicon.ico - -
2022-01-26 00:25:24.032 +00:00 [INF] Request finished HTTP/1.1 GET http://localhost:5097/favicon.ico - - - 404 0 - 2.7516ms
2022-01-26 00:47:02.830 +00:00 [INF] Application is shutting down...
2022-01-26 01:29:39.911 +00:00 [WRN] Storing keys in a directory '/home/lugo/.aspnet/DataProtection-Keys' that may not be persisted outside of the container. Protected data will be unavailable when container is destroyed.
2022-01-26 01:29:40.057 +00:00 [INF] User profile is available. Using '/home/lugo/.aspnet/DataProtection-Keys' as key repository; keys will not be encrypted at rest.
2022-01-26 01:29:41.313 +00:00 [INF] Now listening on: https://localhost:7097
2022-01-26 01:29:41.314 +00:00 [INF] Now listening on: http://localhost:5097
2022-01-26 01:29:41.320 +00:00 [INF] Application started. Press Ctrl+C to shut down.
2022-01-26 01:29:41.320 +00:00 [INF] Hosting environment: Development
2022-01-26 01:29:41.321 +00:00 [INF] Content root path: /workspace/GymManager.Web/GymManager.Web/
2022-01-26 01:29:46.760 +00:00 [INF] Request starting HTTP/1.1 GET http://localhost:5097/ - -
2022-01-26 01:29:46.873 +00:00 [INF] Authorization failed. These requirements were not met:
DenyAnonymousAuthorizationRequirement: Requires an authenticated user.
2022-01-26 01:29:46.889 +00:00 [INF] AuthenticationScheme: Identity.Application was challenged.
2022-01-26 01:29:46.906 +00:00 [INF] Request finished HTTP/1.1 GET http://localhost:5097/ - - - 302 0 - 150.7933ms
2022-01-26 01:29:46.965 +00:00 [INF] Request starting HTTP/1.1 GET http://localhost:5097/Account/LogIn?ReturnUrl=%2F - -
2022-01-26 01:29:47.001 +00:00 [INF] Executing endpoint 'GymManager.Web.Controllers.AccountController.Login (GymManager.Web)'
2022-01-26 01:29:47.079 +00:00 [INF] Route matched with {action = "Login", controller = "Account", page = "", area = ""}. Executing controller action with signature Microsoft.AspNetCore.Mvc.IActionResult Login() on controller GymManager.Web.Controllers.AccountController (GymManager.Web).
2022-01-26 01:29:56.901 +00:00 [INF] Request starting HTTP/1.1 GET http://localhost:5097/ - -
2022-01-26 01:29:56.903 +00:00 [INF] Authorization failed. These requirements were not met:
DenyAnonymousAuthorizationRequirement: Requires an authenticated user.
2022-01-26 01:29:56.903 +00:00 [INF] AuthenticationScheme: Identity.Application was challenged.
2022-01-26 01:29:56.904 +00:00 [INF] Request finished HTTP/1.1 GET http://localhost:5097/ - - - 302 0 - 3.0710ms
2022-01-26 01:29:56.940 +00:00 [INF] Request starting HTTP/1.1 GET http://localhost:5097/Account/LogIn?ReturnUrl=%2F - -
2022-01-26 01:29:56.942 +00:00 [INF] Executing endpoint 'GymManager.Web.Controllers.AccountController.Login (GymManager.Web)'
2022-01-26 01:29:56.945 +00:00 [INF] Route matched with {action = "Login", controller = "Account", page = "", area = ""}. Executing controller action with signature Microsoft.AspNetCore.Mvc.IActionResult Login() on controller GymManager.Web.Controllers.AccountController (GymManager.Web).
2022-01-26 01:29:58.546 +00:00 [INF] Executing ViewResult, running view Login.
2022-01-26 01:29:58.546 +00:00 [INF] Executing ViewResult, running view Login.
2022-01-26 01:29:59.483 +00:00 [INF] Executed ViewResult - view Login executed in 11603.7395ms.
2022-01-26 01:29:59.486 +00:00 [INF] Executed ViewResult - view Login executed in 2440.3501ms.
2022-01-26 01:29:59.488 +00:00 [INF] Executed action GymManager.Web.Controllers.AccountController.Login (GymManager.Web) in 12407.9825ms
2022-01-26 01:29:59.488 +00:00 [INF] Executed action GymManager.Web.Controllers.AccountController.Login (GymManager.Web) in 2542.4741ms
2022-01-26 01:29:59.488 +00:00 [INF] Executed endpoint 'GymManager.Web.Controllers.AccountController.Login (GymManager.Web)'
2022-01-26 01:29:59.488 +00:00 [INF] Executed endpoint 'GymManager.Web.Controllers.AccountController.Login (GymManager.Web)'
2022-01-26 01:29:59.496 +00:00 [INF] Request finished HTTP/1.1 GET http://localhost:5097/Account/LogIn?ReturnUrl=%2F - - - 200 - text/html;+charset=utf-8 2556.7720ms
2022-01-26 01:29:59.502 +00:00 [INF] Request finished HTTP/1.1 GET http://localhost:5097/Account/LogIn?ReturnUrl=%2F - - - 200 - text/html;+charset=utf-8 12537.4762ms
2022-01-26 01:29:59.722 +00:00 [INF] Request starting HTTP/1.1 GET http://localhost:5097/lib/jqueryui/jquery-ui.min.js - -
2022-01-26 01:29:59.722 +00:00 [INF] Request starting HTTP/1.1 GET http://localhost:5097/Views/Attendance/Create.js - -
2022-01-26 01:29:59.784 +00:00 [INF] Sending file. Request path: '/Views/Attendance/Create.js'. Physical path: '/workspace/GymManager.Web/GymManager.Web/wwwroot/Views/Attendance/Create.js'
2022-01-26 01:29:59.787 +00:00 [INF] Request finished HTTP/1.1 GET http://localhost:5097/Views/Attendance/Create.js - - - 200 115 application/javascript 64.5649ms
2022-01-26 01:29:59.802 +00:00 [INF] Sending file. Request path: '/lib/jqueryui/jquery-ui.min.js'. Physical path: '/workspace/GymManager.Web/GymManager.Web/wwwroot/lib/jqueryui/jquery-ui.min.js'
2022-01-26 01:29:59.802 +00:00 [INF] Request finished HTTP/1.1 GET http://localhost:5097/lib/jqueryui/jquery-ui.min.js - - - 200 254916 application/javascript 80.4068ms
2022-01-26 01:30:09.537 +00:00 [INF] Request starting HTTP/1.1 POST http://localhost:5097/Account/Login application/x-www-form-urlencoded 253
2022-01-26 01:30:09.538 +00:00 [INF] Executing endpoint 'GymManager.Web.Controllers.AccountController.Login (GymManager.Web)'
2022-01-26 01:30:09.572 +00:00 [INF] Route matched with {action = "Login", controller = "Account", page = "", area = ""}. Executing controller action with signature System.Threading.Tasks.Task`1[Microsoft.AspNetCore.Mvc.IActionResult] Login(GymManager.Web.Models.LoginModel) on controller GymManager.Web.Controllers.AccountController (GymManager.Web).
2022-01-26 01:30:11.241 +00:00 [INF] Entity Framework Core 6.0.1 initialized 'GymManagerContext' using provider 'Pomelo.EntityFrameworkCore.MySql:6.0.1' with options: ServerVersion 8.0.21-mysql 
2022-01-26 01:30:12.148 +00:00 [INF] Executed DbCommand (126ms) [Parameters=[@__normalizedUserName_0='?' (Size = 256)], CommandType='"Text"', CommandTimeout='30']
SELECT `a`.`Id`, `a`.`AccessFailedCount`, `a`.`ConcurrencyStamp`, `a`.`Email`, `a`.`EmailConfirmed`, `a`.`LockoutEnabled`, `a`.`LockoutEnd`, `a`.`NormalizedEmail`, `a`.`NormalizedUserName`, `a`.`PasswordHash`, `a`.`PhoneNumber`, `a`.`PhoneNumberConfirmed`, `a`.`SecurityStamp`, `a`.`TwoFactorEnabled`, `a`.`UserName`
FROM `AspNetUsers` AS `a`
WHERE `a`.`NormalizedUserName` = @__normalizedUserName_0
LIMIT 1
2022-01-26 01:30:12.202 +00:00 [INF] Executing ViewResult, running view Login.
2022-01-26 01:30:12.213 +00:00 [INF] Executed ViewResult - view Login executed in 10.0723ms.
2022-01-26 01:30:12.218 +00:00 [INF] Executed action GymManager.Web.Controllers.AccountController.Login (GymManager.Web) in 2643.4861ms
2022-01-26 01:30:12.219 +00:00 [INF] Executed endpoint 'GymManager.Web.Controllers.AccountController.Login (GymManager.Web)'
2022-01-26 01:30:12.227 +00:00 [INF] Request finished HTTP/1.1 POST http://localhost:5097/Account/Login application/x-www-form-urlencoded 253 - 200 - text/html;+charset=utf-8 2690.0896ms
2022-01-26 01:34:34.262 +00:00 [INF] Application is shutting down...
2022-01-26 01:36:31.805 +00:00 [WRN] Storing keys in a directory '/home/lugo/.aspnet/DataProtection-Keys' that may not be persisted outside of the container. Protected data will be unavailable when container is destroyed.
2022-01-26 01:36:31.936 +00:00 [INF] User profile is available. Using '/home/lugo/.aspnet/DataProtection-Keys' as key repository; keys will not be encrypted at rest.
2022-01-26 01:36:33.036 +00:00 [INF] Now listening on: https://localhost:7097
2022-01-26 01:36:33.036 +00:00 [INF] Now listening on: http://localhost:5097
2022-01-26 01:36:33.036 +00:00 [INF] Application started. Press Ctrl+C to shut down.
2022-01-26 01:36:33.037 +00:00 [INF] Hosting environment: Development
2022-01-26 01:36:33.037 +00:00 [INF] Content root path: /workspace/GymManager.Web/GymManager.Web/
2022-01-26 01:38:43.985 +00:00 [INF] Application is shutting down...
2022-01-26 01:39:32.619 +00:00 [WRN] Storing keys in a directory '/home/lugo/.aspnet/DataProtection-Keys' that may not be persisted outside of the container. Protected data will be unavailable when container is destroyed.
2022-01-26 01:39:32.742 +00:00 [INF] User profile is available. Using '/home/lugo/.aspnet/DataProtection-Keys' as key repository; keys will not be encrypted at rest.
2022-01-26 01:39:34.024 +00:00 [INF] Now listening on: https://localhost:7097
2022-01-26 01:39:34.025 +00:00 [INF] Now listening on: http://localhost:5097
2022-01-26 01:39:34.025 +00:00 [INF] Application started. Press Ctrl+C to shut down.
2022-01-26 01:39:34.026 +00:00 [INF] Hosting environment: Development
2022-01-26 01:39:34.026 +00:00 [INF] Content root path: /workspace/GymManager.Web/GymManager.Web/
2022-01-26 01:39:56.760 +00:00 [INF] Application is shutting down...
2022-01-26 01:40:07.810 +00:00 [WRN] Storing keys in a directory '/home/lugo/.aspnet/DataProtection-Keys' that may not be persisted outside of the container. Protected data will be unavailable when container is destroyed.
2022-01-26 01:40:07.868 +00:00 [INF] User profile is available. Using '/home/lugo/.aspnet/DataProtection-Keys' as key repository; keys will not be encrypted at rest.
2022-01-26 01:40:08.295 +00:00 [INF] Now listening on: https://localhost:7097
2022-01-26 01:40:08.296 +00:00 [INF] Now listening on: http://localhost:5097
2022-01-26 01:40:08.297 +00:00 [INF] Application started. Press Ctrl+C to shut down.
2022-01-26 01:40:08.297 +00:00 [INF] Hosting environment: Development
2022-01-26 01:40:08.297 +00:00 [INF] Content root path: /workspace/GymManager.Web/GymManager.Web/
2022-01-26 01:41:53.706 +00:00 [INF] Application is shutting down...
2022-01-26 01:42:28.098 +00:00 [WRN] Storing keys in a directory '/home/lugo/.aspnet/DataProtection-Keys' that may not be persisted outside of the container. Protected data will be unavailable when container is destroyed.
2022-01-26 01:42:28.154 +00:00 [INF] User profile is available. Using '/home/lugo/.aspnet/DataProtection-Keys' as key repository; keys will not be encrypted at rest.
2022-01-26 01:42:28.561 +00:00 [INF] Now listening on: https://localhost:7097
2022-01-26 01:42:28.561 +00:00 [INF] Now listening on: http://localhost:5097
2022-01-26 01:42:28.562 +00:00 [INF] Application started. Press Ctrl+C to shut down.
2022-01-26 01:42:28.562 +00:00 [INF] Hosting environment: Development
2022-01-26 01:42:28.563 +00:00 [INF] Content root path: /workspace/GymManager.Web/GymManager.Web/
2022-01-26 01:44:04.727 +00:00 [INF] Application is shutting down...
2022-01-26 01:45:00.928 +00:00 [WRN] Storing keys in a directory '/home/lugo/.aspnet/DataProtection-Keys' that may not be persisted outside of the container. Protected data will be unavailable when container is destroyed.
2022-01-26 01:45:00.999 +00:00 [INF] User profile is available. Using '/home/lugo/.aspnet/DataProtection-Keys' as key repository; keys will not be encrypted at rest.
2022-01-26 01:45:01.420 +00:00 [INF] Now listening on: https://localhost:7097
2022-01-26 01:45:01.420 +00:00 [INF] Now listening on: http://localhost:5097
2022-01-26 01:45:01.421 +00:00 [INF] Application started. Press Ctrl+C to shut down.
2022-01-26 01:45:01.421 +00:00 [INF] Hosting environment: Development
2022-01-26 01:45:01.421 +00:00 [INF] Content root path: /workspace/GymManager.Web/GymManager.Web/
2022-01-26 01:45:06.730 +00:00 [INF] Application is shutting down...
2022-01-26 01:45:19.662 +00:00 [WRN] Storing keys in a directory '/home/lugo/.aspnet/DataProtection-Keys' that may not be persisted outside of the container. Protected data will be unavailable when container is destroyed.
2022-01-26 01:45:19.758 +00:00 [INF] User profile is available. Using '/home/lugo/.aspnet/DataProtection-Keys' as key repository; keys will not be encrypted at rest.
2022-01-26 01:45:21.084 +00:00 [INF] Now listening on: https://localhost:7097
2022-01-26 01:45:21.086 +00:00 [INF] Now listening on: http://localhost:5097
2022-01-26 01:45:21.088 +00:00 [INF] Application started. Press Ctrl+C to shut down.
2022-01-26 01:45:21.088 +00:00 [INF] Hosting environment: Development
2022-01-26 01:45:21.089 +00:00 [INF] Content root path: /workspace/GymManager.Web/GymManager.Web/
2022-01-26 01:46:44.425 +00:00 [INF] Request starting HTTP/1.1 GET http://localhost:5097/Account/Login - -
2022-01-26 01:46:44.566 +00:00 [INF] Executing endpoint 'GymManager.Web.Controllers.AccountController.Login (GymManager.Web)'
2022-01-26 01:46:44.637 +00:00 [INF] Route matched with {action = "Login", controller = "Account", page = "", area = ""}. Executing controller action with signature Microsoft.AspNetCore.Mvc.IActionResult Login() on controller GymManager.Web.Controllers.AccountController (GymManager.Web).
2022-01-26 01:46:46.754 +00:00 [INF] Entity Framework Core 6.0.1 initialized 'GymManagerContext' using provider 'Pomelo.EntityFrameworkCore.MySql:6.0.1' with options: ServerVersion 8.0.21-mysql 
2022-01-26 01:46:47.295 +00:00 [INF] Executed DbCommand (81ms) [Parameters=[],2022-01-26 01:48:29.948 +00:00 [INF] Application is shutting down...
T 1
    FROM `AspNetUsers` AS `a`)
2022-01-26 01:46:47.343 +00:00 [WRN] User password validation failed: PasswordRequiresNonAlphanumeric;PasswordRequiresDigit;PasswordRequiresUpper.
2022-01-26 01:46:54.972 +00:00 [INF] Executing ViewResult, running view Login.
2022-01-26 01:46:55.799 +00:00 [INF] Executed ViewResult - view Login executed in 8438.9279ms.
2022-01-26 01:46:55.802 +00:00 [INF] Executed action GymManager.Web.Controllers.AccountController.Login (GymManager.Web) in 11164.5782ms
2022-01-26 01:46:55.802 +00:00 [INF] Executed endpoint 'GymManager.Web.Controllers.AccountController.Login (GymManager.Web)'
2022-01-26 01:46:55.827 +00:00 [INF] Request finished HTTP/1.1 GET http://localhost:5097/Account/Login - - - 200 - text/html;+charset=utf-8 11407.5584ms
2022-01-26 01:47:19.089 +00:00 [INF] Request starting HTTP/1.1 POST http://localhost:5097/Account/Login application/x-www-form-urlencoded 249
2022-01-26 01:47:19.108 +00:00 [INF] Executing endpoint 'GymManager.Web.Controllers.AccountController.Login (GymManager.Web)'
2022-01-26 01:47:19.176 +00:00 [INF] Route matched with {action = "Login", controller = "Account", page = "", area = ""}. Executing controller action with signature System.Threading.Tasks.Task`1[Microsoft.AspNetCore.Mvc.IActionResult] Login(GymManager.Web.Models.LoginModel) on controller GymManager.Web.Controllers.AccountController (GymManager.Web).
2022-01-26 01:47:19.289 +00:00 [INF] Entity Framework Core 6.0.1 initialized 'GymManagerContext' using provider 'Pomelo.EntityFrameworkCore.MySql:6.0.1' with options: ServerVersion 8.0.21-mysql 
2022-01-26 01:47:19.294 +00:00 [INF] Executed DbCommand (1ms) [Parameters=[], CommandType='"Text"', CommandTimeout='30']
SELECT EXISTS (
    SELECT 1
    FROM `AspNetUsers` AS `a`)
2022-01-26 01:47:19.295 +00:00 [WRN] User password validation failed: PasswordRequiresNonAlphanumeric;PasswordRequiresDigit;PasswordRequiresUpper.
2022-01-26 01:47:19.648 +00:00 [INF] Executed DbCommand (72ms) [Parameters=[@__normalizedUserName_0='?' (Size = 256)], CommandType='"Text"', CommandTimeout='30']
SELECT `a`.`Id`, `a`.`AccessFailedCount`, `a`.`ConcurrencyStamp`, `a`.`Email`, `a`.`EmailConfirmed`, `a`.`LockoutEnabled`, `a`.`LockoutEnd`, `a`.`NormalizedEmail`, `a`.`NormalizedUserName`, `a`.`PasswordHash`, `a`.`PhoneNumber`, `a`.`PhoneNumberConfirmed`, `a`.`SecurityStamp`, `a`.`TwoFactorEnabled`, `a`.`UserName`
FROM `AspNetUsers` AS `a`
WHERE `a`.`NormalizedUserName` = @__normalizedUserName_0
LIMIT 1
2022-01-26 01:47:19.671 +00:00 [INF] Executing ViewResult, running view Login.
2022-01-26 01:47:19.681 +00:00 [INF] Executed ViewResult - view Login executed in 11.1607ms.
2022-01-26 01:47:19.684 +00:00 [INF] Executed action GymManager.Web.Controllers.AccountController.Login (GymManager.Web) in 503.7254ms
2022-01-26 01:47:19.688 +00:00 [INF] Executed endpoint 'GymManager.Web.Controllers.AccountController.Login (GymManager.Web)'
2022-01-26 01:47:19.702 +00:00 [INF] Request finished HTTP/1.1 POST http://localhost:5097/Account/Login application/x-www-form-urlencoded 249 - 200 - text/html;+charset=utf-8 613.8305ms
2022-01-26 01:47:54.008 +00:00 [INF] Request starting HTTP/1.1 POST http://localhost:5097/Account/Login application/x-www-form-urlencoded 249
2022-01-26 01:47:54.015 +00:00 [INF] Executing endpoint 'GymManager.Web.Controllers.AccountController.Login (GymManager.Web)'
2022-01-26 01:47:54.016 +00:00 [INF] Route matched with {action = "Login", controller = "Account", page = "", area = ""}. Executing controller action with signature System.Threading.Tasks.Task`1[Microsoft.AspNetCore.Mvc.IActionResult] Login(GymManager.Web.Models.LoginModel) on controller GymManager.Web.Controllers.AccountController (GymManager.Web).
2022-01-26 01:47:54.061 +00:00 [INF] Entity Framework Core 6.0.1 initialized 'GymManagerContext' using provider 'Pomelo.EntityFrameworkCore.MySql:6.0.1' with options: ServerVersion 8.0.21-mysql 
2022-01-26 01:47:54.070 +00:00 [INF] Executed DbCommand (1ms) [Parameters=[], CommandType='"Text"', CommandTimeout='30']
SELECT EXISTS (
    SELECT 1
    FROM `AspNetUsers` AS `a`)
2022-01-26 01:47:54.070 +00:00 [WRN] User password validation failed: PasswordRequiresNonAlphanumeric;PasswordRequiresDigit;PasswordRequiresUpper.
2022-01-26 01:47:54.110 +00:00 [INF] Executed DbCommand (1ms) [Parameters=[@__normalizedUserName_0='?' (Size = 256)], CommandType='"Text"', CommandTimeout='30']
SELECT `a`.`Id`, `a`.`AccessFailedCount`, `a`.`ConcurrencyStamp`, `a`.`Email`, `a`.`EmailConfirmed`, `a`.`LockoutEnabled`, `a`.`LockoutEnd`, `a`.`NormalizedEmail`, `a`.`NormalizedUserName`, `a`.`PasswordHash`, `a`.`PhoneNumber`, `a`.`PhoneNumberConfirmed`, `a`.`SecurityStamp`, `a`.`TwoFactorEnabled`, `a`.`UserName`
FROM `AspNetUsers` AS `a`
WHERE `a`.`NormalizedUserName` = @__normalizedUserName_0
LIMIT 1
2022-01-26 01:47:54.113 +00:00 [INF] Executing ViewResult, running view Login.
2022-01-26 01:47:54.119 +00:00 [INF] Executed ViewResult - view Login executed in 6.663ms.
2022-01-26 01:47:54.119 +00:00 [INF] Executed action GymManager.Web.Controllers.AccountController.Login (GymManager.Web) in 103.0439ms
2022-01-26 01:47:54.119 +00:00 [INF] Executed endpoint 'GymManager.Web.Controllers.AccountController.Login (GymManager.Web)'
2022-01-26 01:47:54.120 +00:00 [INF] Request finished HTTP/1.1 POST http://localhost:5097/Account/Login application/x-www-form-urlencoded 249 - 200 - text/html;+charset=utf-8 111.4377ms
2022-01-26 01:48:35.474 +00:00 [INF] Application is shutting down...
2022-01-26 01:51:35.895 +00:00 [WRN] Storing keys in a directory '/home/lugo/.aspnet/DataProtection-Keys' that may not be persisted outside of the container. Protected data will be unavailable when container is destroyed.
2022-01-26 01:51:35.974 +00:00 [INF] User profile is available. Using '/home/lugo/.aspnet/DataProtection-Keys' as key repository; keys will not be encrypted at rest.
2022-01-26 01:51:36.765 +00:00 [INF] Now listening on: https://localhost:7097
2022-01-26 01:51:36.767 +00:00 [INF] Now listening on: http://localhost:5097
2022-01-26 01:51:36.770 +00:00 [INF] Application started. Press Ctrl+C to shut down.
2022-01-26 01:51:36.770 +00:00 [INF] Hosting environment: Development
2022-01-26 01:51:36.770 +00:00 [INF] Content root path: /workspace/GymManager.Web/GymManager.Web/
2022-01-26 01:52:05.661 +00:00 [INF] Request starting HTTP/1.1 GET http://localhost:5097/ - -
2022-01-26 01:52:05.770 +00:00 [INF] Authorization failed. These requirements were not met:
DenyAnonymousAuthorizationRequirement: Requires an authenticated user.
2022-01-26 01:52:05.786 +00:00 [INF] AuthenticationScheme: Identity.Application was challenged.
2022-01-26 01:52:05.804 +00:00 [INF] Request finished HTTP/1.1 GET http://localhost:5097/ - - - 302 0 - 149.6683ms
2022-01-26 01:52:05.855 +00:00 [INF] Request starting HTTP/1.1 GET http://localhost:5097/Account/LogIn?ReturnUrl=%2F - -
2022-01-26 01:52:05.891 +00:00 [INF] Executing endpoint 'GymManager.Web.Controllers.AccountController.Login (GymManager.Web)'
2022-01-26 01:52:05.967 +00:00 [INF] Route matched with {action = "Login", controller = "Account", page = "", area = ""}. Executing controller action with signature Microsoft.AspNetCore.Mvc.IActionResult Login() on controller GymManager.Web.Controllers.AccountController (GymManager.Web).
2022-01-26 01:52:08.092 +00:00 [INF] Entity Framework Core 6.0.1 initialized 'GymManagerContext' using provider 'Pomelo.EntityFrameworkCore.MySql:6.0.1' with options: ServerVersion 8.0.21-mysql 
2022-01-26 01:52:08.642 +00:00 [INF] Executed DbCommand (77ms) [Parameters=[], CommandType='"Text"', CommandTimeout='30']
SELECT EXISTS (
    SELECT 1
    FROM `AspNetUsers` AS `a`)
2022-01-26 01:52:08.696 +00:00 [WRN] User password validation failed: PasswordRequiresNonAlphanumeric;PasswordRequiresDigit;PasswordRequiresUpper.
2022-01-26 01:52:16.377 +00:00 [INF] Executing ViewResult, running view Login.
2022-01-26 01:52:17.091 +00:00 [INF] Executed ViewResult - view Login executed in 8379.4811ms.
2022-01-26 01:52:17.093 +00:00 [INF] Executed action GymManager.Web.Controllers.AccountController.Login (GymManager.Web) in 11124.8622ms
2022-01-26 01:52:17.094 +00:00 [INF] Executed endpoint 'GymManager.Web.Controllers.AccountController.Login (GymManager.Web)'
2022-01-26 01:52:17.110 +00:00 [INF] Request finished HTTP/1.1 GET http://localhost:5097/Account/LogIn?ReturnUrl=%2F - - - 200 - text/html;+charset=utf-8 11255.0382ms
2022-01-26 01:53:08.695 +00:00 [INF] Request starting HTTP/1.1 POST http://localhost:5097/Account/Login application/x-www-form-urlencoded 249
2022-01-26 01:53:08.698 +00:00 [INF] Executing endpoint 'GymManager.Web.Controllers.AccountController.Login (GymManager.Web)'
2022-01-26 01:53:08.766 +00:00 [INF] Route matched with {action = "Login", controller = "Account", page = "", area = ""}. Executing controller action with signature System.Threading.Tasks.Task`1[Microsoft.AspNetCore.Mvc.IActionResult] Login(GymManager.Web.Models.LoginModel) on controller GymManager.Web.Controllers.AccountController (GymManager.Web).
2022-01-26 01:53:08.938 +00:00 [INF] Entity Framework Core 6.0.1 initialized 'GymManagerContext' using provider 'Pomelo.EntityFrameworkCore.MySql:6.0.1' with options: ServerVersion 8.0.21-mysql 
2022-01-26 01:53:08.948 +00:00 [INF] Executed DbCommand (1ms) [Parameters=[], CommandType='"Text"', CommandTimeout='30']
SELECT EXISTS (
    SELECT 1
    FROM `AspNetUsers` AS `a`)
2022-01-26 01:53:08.949 +00:00 [WRN] User password validation failed: PasswordRequiresNonAlphanumeric;PasswordRequiresDigit;PasswordRequiresUpper.
2022-01-26 01:53:09.340 +00:00 [INF] Executed DbCommand (78ms) [Parameters=[@__normalizedUserName_0='?' (Size = 256)], CommandType='"Text"', CommandTimeout='30']
SELECT `a`.`Id`, `a`.`AccessFailedCount`, `a`.`ConcurrencyStamp`, `a`.`Email`, `a`.`EmailConfirmed`, `a`.`LockoutEnabled`, `a`.`LockoutEnd`, `a`.`NormalizedEmail`, `a`.`NormalizedUserName`, `a`.`PasswordHash`, `a`.`PhoneNumber`, `a`.`PhoneNumberConfirmed`, `a`.`SecurityStamp`, `a`.`TwoFactorEnabled`, `a`.`UserName`
FROM `AspNetUsers` AS `a`
WHERE `a`.`NormalizedUserName` = @__normalizedUserName_0
LIMIT 1
2022-01-26 01:53:09.361 +00:00 [INF] Executing ViewResult, running view Login.
2022-01-26 01:53:09.372 +00:00 [INF] Executed ViewResult - view Login executed in 11.9242ms.
2022-01-26 01:53:09.375 +00:00 [INF] Executed action GymManager.Web.Controllers.AccountController.Login (GymManager.Web) in 608.2701ms
2022-01-26 01:53:09.376 +00:00 [INF] Executed endpoint 'GymManager.Web.Controllers.AccountController.Login (GymManager.Web)'
2022-01-26 01:53:09.379 +00:00 [INF] Request finished HTTP/1.1 POST http://localhost:5097/Account/Login application/x-www-form-urlencoded 249 - 200 - text/html;+charset=utf-8 684.6171ms
2022-01-26 01:53:39.045 +00:00 [INF] Application is shutting down...
2022-01-26 01:53:51.450 +00:00 [WRN] Storing keys in a directory '/home/lugo/.aspnet/DataProtection-Keys' that may not be persisted outside of the container. Protected data will be unavailable when container is destroyed.
2022-01-26 01:53:51.598 +00:00 [INF] User profile is available. Using '/home/lugo/.aspnet/DataProtection-Keys' as key repository; keys will not be encrypted at rest.
2022-01-26 01:53:53.079 +00:00 [INF] Now listening on: https://localhost:7097
2022-01-26 01:53:53.079 +00:00 [INF] Now listening on: http://localhost:5097
2022-01-26 01:53:53.079 +00:00 [INF] Application started. Press Ctrl+C to shut down.
2022-01-26 01:53:53.080 +00:00 [INF] Hosting environment: Development
2022-01-26 01:53:53.080 +00:00 [INF] Content root path: /workspace/GymManager.Web/GymManager.Web/
2022-01-26 01:54:48.830 +00:00 [INF] Request starting HTTP/1.1 GET http://localhost:5097/Account/Login - -
2022-01-26 01:54:48.954 +00:00 [INF] Executing endpoint 'GymManager.Web.Controllers.AccountController.Login (GymManager.Web)'
2022-01-26 01:54:48.992 +00:00 [INF] Route matched with {action = "Login", controller = "Account", page = "", area = ""}. Executing controller action with signature Microsoft.AspNetCore.Mvc.IActionResult Login() on controller GymManager.Web.Controllers.AccountController (GymManager.Web).
2022-01-26 01:54:50.941 +00:00 [INF] Entity Framework Core 6.0.1 initialized 'GymManagerContext' using provider 'Pomelo.EntityFrameworkCore.MySql:6.0.1' with options: ServerVersion 8.0.21-mysql 
2022-01-26 01:54:51.440 +00:00 [INF] Executed DbCommand (70ms) [Parameters=[], CommandType='"Text"', CommandTimeout='30']
SELECT EXISTS (
    SELECT 1
    FROM `AspNetUsers` AS `a`)
2022-01-26 01:54:51.490 +00:00 [WRN] User password validation failed: PasswordRequiresNonAlphanumeric;PasswordRequiresDigit;PasswordRequiresUpper.
2022-01-26 01:54:58.954 +00:00 [INF] Executing ViewResult, running view Login.
2022-01-26 01:54:59.841 +00:00 [INF] Executed ViewResult - view Login executed in 8333.1313ms.
2022-01-26 01:54:59.845 +00:00 [INF] Executed action GymManager.Web.Controllers.AccountController.Login (GymManager.Web) in 10851.9164ms
2022-01-26 01:54:59.845 +00:00 [INF] Executed endpoint 'GymManager.Web.Controllers.AccountController.Login (GymManager.Web)'
2022-01-26 01:54:59.866 +00:00 [INF] Request finished HTTP/1.1 GET http://localhost:5097/Account/Login - - - 200 - text/html;+charset=utf-8 11041.9046ms
2022-01-26 01:55:57.199 +00:00 [INF] Application is shutting down...
2022-01-26 01:56:07.209 +00:00 [WRN] Storing keys in a directory '/home/lugo/.aspnet/DataProtection-Keys' that may not be persisted outside of the container. Protected data will be unavailable when container is destroyed.
2022-01-26 01:56:07.278 +00:00 [INF] User profile is available. Using '/home/lugo/.aspnet/DataProtection-Keys' as key repository; keys will not be encrypted at rest.
2022-01-26 01:56:07.839 +00:00 [INF] Now listening on: https://localhost:7097
2022-01-26 01:56:07.840 +00:00 [INF] Now listening on: http://localhost:5097
2022-01-26 01:56:07.840 +00:00 [INF] Application started. Press Ctrl+C to shut down.
2022-01-26 01:56:07.841 +00:00 [INF] Hosting environment: Development
2022-01-26 01:56:07.841 +00:00 [INF] Content root path: /workspace/GymManager.Web/GymManager.Web/
2022-01-26 01:56:33.664 +00:00 [INF] Request starting HTTP/1.1 GET http://localhost:5097/Account/Login - -
2022-01-26 01:56:33.756 +00:00 [INF] Executing endpoint 'GymManager.Web.Controllers.AccountController.Login (GymManager.Web)'
2022-01-26 01:56:33.797 +00:00 [INF] Route matched with {action = "Login", controller = "Account", page = "", area = ""}. Executing controller action with signature Microsoft.AspNetCore.Mvc.IActionResult Login() on controller GymManager.Web.Controllers.AccountController (GymManager.Web).
2022-01-26 01:56:35.911 +00:00 [INF] Entity Framework Core 6.0.1 initialized 'GymManagerContext' using provider 'Pomelo.EntityFrameworkCore.MySql:6.0.1' with options: ServerVersion 8.0.21-mysql 
2022-01-26 01:56:36.418 +00:00 [INF] Executed DbCommand (70ms) [Parameters=[], CommandType='"Text"', CommandTimeout='30']
SELECT EXISTS (
    SELECT 1
    FROM `AspNetUsers` AS `a`)
2022-01-26 01:56:36.462 +00:00 [WRN] User password validation failed: PasswordRequiresNonAlphanumeric;PasswordRequiresDigit;PasswordRequiresUpper.
2022-01-26 01:56:43.113 +00:00 [INF] Executing ViewResult, running view Login.
2022-01-26 01:56:43.730 +00:00 [INF] Executed ViewResult - view Login executed in 7240.0541ms.
2022-01-26 01:56:43.732 +00:00 [INF] Executed action GymManager.Web.Controllers.AccountController.Login (GymManager.Web) in 9933.3605ms
2022-01-26 01:56:43.735 +00:00 [INF] Executed endpoint 'GymManager.Web.Controllers.AccountController.Login (GymManager.Web)'
2022-01-26 01:56:43.756 +00:00 [INF] Request finished HTTP/1.1 GET http://localhost:5097/Account/Login - - - 200 - text/html;+charset=utf-8 10096.6455ms
2022-01-26 01:57:01.705 +00:00 [INF] Application is shutting down...
2022-01-26 01:57:11.048 +00:00 [WRN] Storing keys in a directory '/home/lugo/.aspnet/DataProtection-Keys' that may not be persisted outside of the container. Protected data will be unavailable when container is destroyed.
2022-01-26 01:57:11.117 +00:00 [INF] User profile is available. Using '/home/lugo/.aspnet/DataProtection-Keys' as key repository; keys will not be encrypted at rest.
2022-01-26 01:57:11.658 +00:00 [INF] Now listening on: https://localhost:7097
2022-01-26 01:57:11.664 +00:00 [INF] Now listening on: http://localhost:5097
2022-01-26 01:57:11.667 +00:00 [INF] Application started. Press Ctrl+C to shut down.
2022-01-26 01:57:11.669 +00:00 [INF] Hosting environment: Development
2022-01-26 01:57:11.670 +00:00 [INF] Content root path: /workspace/GymManager.Web/GymManager.Web/
2022-01-26 01:57:19.173 +00:00 [INF] Request starting HTTP/1.1 GET http://localhost:5097/Account/Login - -
2022-01-26 01:57:19.256 +00:00 [INF] Executing endpoint 'GymManager.Web.Controllers.AccountController.Login (GymManager.Web)'
2022-01-26 01:57:19.298 +00:00 [INF] Route matched with {action = "Login", controller = "Account", page = "", area = ""}. Executing controller action with signature Microsoft.AspNetCore.Mvc.IActionResult Login() on controller GymManager.Web.Controllers.AccountController (GymManager.Web).
2022-01-26 01:57:21.210 +00:00 [INF] Entity Framework Core 6.0.1 initialized 'GymManagerContext' using provider 'Pomelo.EntityFrameworkCore.MySql:6.0.1' with options: ServerVersion 8.0.21-mysql 
2022-01-26 01:57:21.759 +00:00 [INF] Executed DbCommand (70ms) [Parameters=[], CommandType='"Text"', CommandTimeout='30']
SELECT EXISTS (
    SELECT 1
    FROM `AspNetUsers` AS `a`)
2022-01-26 01:57:21.811 +00:00 [WRN] User password validation failed: PasswordRequiresDigit;PasswordRequiresUpper.
2022-01-26 01:57:28.865 +00:00 [INF] Executing ViewResult, running view Login.
2022-01-26 01:57:29.476 +00:00 [INF] Executed ViewResult - view Login executed in 7649.7154ms.
2022-01-26 01:57:29.479 +00:00 [INF] Executed action GymManager.Web.Controllers.AccountController.Login (GymManager.Web) in 10179.2331ms
2022-01-26 01:57:29.479 +00:00 [INF] Executed endpoint 'GymManager.Web.Controllers.AccountController.Login (GymManager.Web)'
2022-01-26 01:57:29.508 +00:00 [INF] Request finished HTTP/1.1 GET http://localhost:5097/Account/Login - - - 200 - text/html;+charset=utf-8 10346.3413ms
2022-01-26 01:57:50.154 +00:00 [INF] Application is shutting down...
2022-01-26 01:58:01.078 +00:00 [WRN] Storing keys in a directory '/home/lugo/.aspnet/DataProtection-Keys' that may not be persisted outside of the container. Protected data will be unavailable when container is destroyed.
2022-01-26 01:58:01.148 +00:00 [INF] User profile is available. Using '/home/lugo/.aspnet/DataProtection-Keys' as key repository; keys will not be encrypted at rest.
2022-01-26 01:58:01.759 +00:00 [INF] Now listening on: https://localhost:7097
2022-01-26 01:58:01.762 +00:00 [INF] Now listening on: http://localhost:5097
2022-01-26 01:58:01.765 +00:00 [INF] Application started. Press Ctrl+C to shut down.
2022-01-26 01:58:01.768 +00:00 [INF] Hosting environment: Development
2022-01-26 01:58:01.768 +00:00 [INF] Content root path: /workspace/GymManager.Web/GymManager.Web/
2022-01-26 01:58:05.143 +00:00 [INF] Request starting HTTP/1.1 GET http://localhost:5097/Account/Login - -
2022-01-26 01:58:05.236 +00:00 [INF] Executing endpoint 'GymManager.Web.Controllers.AccountController.Login (GymManager.Web)'
2022-01-26 01:58:05.279 +00:00 [INF] Route matched with {action = "Login", controller = "Account", page = "", area = ""}. Executing controller action with signature Microsoft.AspNetCore.Mvc.IActionResult Login() on controller GymManager.Web.Controllers.AccountController (GymManager.Web).
2022-01-26 01:58:07.645 +00:00 [INF] Entity Framework Core 6.0.1 initialized 'GymManagerContext' using provider 'Pomelo.EntityFrameworkCore.MySql:6.0.1' with options: ServerVersion 8.0.21-mysql 
2022-01-26 01:58:08.356 +00:00 [INF] Executed DbCommand (92ms) [Parameters=[], CommandType='"Text"', CommandTimeout='30']
SELECT EXISTS (
    SELECT 1
    FROM `AspNetUsers` AS `a`)
2022-01-26 01:58:08.973 +00:00 [INF] Executed DbCommand (191ms) [Parameters=[@__normalizedUserName_0='?' (Size = 256)], CommandType='"Text"', CommandTimeout='30']
SELECT `a`.`Id`, `a`.`AccessFailedCount`, `a`.`ConcurrencyStamp`, `a`.`Email`, `a`.`EmailConfirmed`, `a`.`LockoutEnabled`, `a`.`LockoutEnd`, `a`.`NormalizedEmail`, `a`.`NormalizedUserName`, `a`.`PasswordHash`, `a`.`PhoneNumber`, `a`.`PhoneNumberConfirmed`, `a`.`SecurityStamp`, `a`.`TwoFactorEnabled`, `a`.`UserName`
FROM `AspNetUsers` AS `a`
WHERE `a`.`NormalizedUserName` = @__normalizedUserName_0
LIMIT 1
2022-01-26 01:58:09.454 +00:00 [INF] Executed DbCommand (8ms) [Parameters=[@p0='?' (Size = 255), @p1='?' (DbType = Int32), @p2='?' (Size = 4000), @p3='?' (Size = 256), @p4='?' (DbType = Boolean), @p5='?' (DbType = Boolean), @p6='?' (DbType = DateTimeOffset), @p7='?' (Size = 256), @p8='?' (Size = 256), @p9='?' (Size = 4000), @p10='?' (Size = 4000), @p11='?' (DbType = Boolean), @p12='?' (Size = 4000), @p13='?' (DbType = Boolean), @p14='?' (Size = 256)], CommandType='"Text"', CommandTimeout='30']
INSERT INTO `AspNetUsers` (`Id`, `AccessFailedCount`, `ConcurrencyStamp`, `Email`, `EmailConfirmed`, `LockoutEnabled`, `LockoutEnd`, `NormalizedEmail`, `NormalizedUserName`, `PasswordHash`, `PhoneNumber`, `PhoneNumberConfirmed`, `SecurityStamp`, `TwoFactorEnabled`, `UserName`)
VALUES (@p0, @p1, @p2, @p3, @p4, @p5, @p6, @p7, @p8, @p9, @p10, @p11, @p12, @p13, @p14);
2022-01-26 01:58:18.111 +00:00 [INF] Executing ViewResult, running view Login.
2022-01-26 01:58:19.153 +00:00 [INF] Executed ViewResult - view Login executed in 9585.8306ms.
2022-01-26 01:58:19.160 +00:00 [INF] Executed action GymManager.Web.Controllers.AccountController.Login (GymManager.Web) in 13879.4435ms
2022-01-26 01:58:19.160 +00:00 [INF] Executed endpoint 'GymManager.Web.Controllers.AccountController.Login (GymManager.Web)'
2022-01-26 01:58:19.182 +00:00 [INF] Request finished HTTP/1.1 GET http://localhost:5097/Account/Login - - - 200 - text/html;+charset=utf-8 14044.8502ms
2022-01-26 01:58:46.866 +00:00 [INF] Request starting HTTP/1.1 POST http://localhost:5097/Account/Login application/x-www-form-urlencoded 252
2022-01-26 01:58:46.874 +00:00 [INF] Executing endpoint 'GymManager.Web.Controllers.AccountController.Login (GymManager.Web)'
2022-01-26 01:58:46.921 +00:00 [INF] Route matched with {action = "Login", controller = "Account", page = "", area = ""}. Executing controller action with signature System.Threading.Tasks.Task`1[Microsoft.AspNetCore.Mvc.IActionResult] Login(GymManager.Web.Models.LoginModel) on controller GymManager.Web.Controllers.AccountController (GymManager.Web).
2022-01-26 01:58:47.030 +00:00 [INF] Entity Framework Core 6.0.1 initialized 'GymManagerContext' using provider 'Pomelo.EntityFrameworkCore.MySql:6.0.1' with options: ServerVersion 8.0.21-mysql 
2022-01-26 01:58:47.038 +00:00 [INF] Executed DbCommand (1ms) [Parameters=[], CommandType='"Text"', CommandTimeout='30']
SELECT EXISTS (
    SELECT 1
    FROM `AspNetUsers` AS `a`)
2022-01-26 01:58:47.097 +00:00 [INF] Executed DbCommand (1ms) [Parameters=[@__normalizedUserName_0='?' (Size = 256)], CommandType='"Text"', CommandTimeout='30']
SELECT `a`.`Id`, `a`.`AccessFailedCount`, `a`.`ConcurrencyStamp`, `a`.`Email`, `a`.`EmailConfirmed`, `a`.`LockoutEnabled`, `a`.`LockoutEnd`, `a`.`NormalizedEmail`, `a`.`NormalizedUserName`, `a`.`PasswordHash`, `a`.`PhoneNumber`, `a`.`PhoneNumberConfirmed`, `a`.`SecurityStamp`, `a`.`TwoFactorEnabled`, `a`.`UserName`
FROM `AspNetUsers` AS `a`
WHERE `a`.`NormalizedUserName` = @__normalizedUserName_0
LIMIT 1
2022-01-26 01:58:47.269 +00:00 [INF] Executed DbCommand (2ms) [Parameters=[@__user_Id_0='?' (Size = 255)], CommandType='"Text"', CommandTimeout='30']
SELECT `a`.`Id`, `a`.`ClaimType`, `a`.`ClaimValue`, `a`.`UserId`
FROM `AspNetUserClaims` AS `a`
WHERE `a`.`UserId` = @__user_Id_0
2022-01-26 01:58:47.295 +00:00 [INF] AuthenticationScheme: Identity.Application signed in.
2022-01-26 01:58:47.309 +00:00 [INF] Executing LocalRedirectResult, redirecting to /.
2022-01-26 01:58:47.313 +00:00 [INF] Executed action GymManager.Web.Controllers.AccountController.Login (GymManager.Web) in 391.8103ms
2022-01-26 01:58:47.317 +00:00 [INF] Executed endpoint 'GymManager.Web.Controllers.AccountController.Login (GymManager.Web)'
2022-01-26 01:58:47.324 +00:00 [INF] Request finished HTTP/1.1 POST http://localhost:5097/Account/Login application/x-www-form-urlencoded 252 - 302 0 - 458.6172ms
2022-01-26 01:58:47.343 +00:00 [INF] Request starting HTTP/1.1 GET http://localhost:5097/ - -
2022-01-26 01:58:47.366 +00:00 [INF] Executing endpoint 'GymManager.Web.Controllers.AttendanceController.Index (GymManager.Web)'
2022-01-26 01:58:47.371 +00:00 [INF] Route matched with {action = "Index", controller = "Attendance", page = "", area = ""}. Executing controller action with signature Microsoft.AspNetCore.Mvc.IActionResult Index() on controller GymManager.Web.Controllers.AttendanceController (GymManager.Web).
2022-01-26 01:58:47.374 +00:00 [WRN] Se ha entrado al index
2022-01-26 01:58:47.677 +00:00 [INF] Executing ViewResult, running view Index.
2022-01-26 01:58:49.721 +00:00 [INF] Executed ViewResult - view Index executed in 2344.3254ms.
2022-01-26 01:58:49.722 +00:00 [INF] Executed action GymManager.Web.Controllers.AttendanceController.Index (GymManager.Web) in 2349.582ms
2022-01-26 01:58:49.722 +00:00 [INF] Executed endpoint 'GymManager.Web.Controllers.AttendanceController.Index (GymManager.Web)'
2022-01-26 01:58:49.724 +00:00 [INF] Request finished HTTP/1.1 GET http://localhost:5097/ - - - 200 - text/html;+charset=utf-8 2380.9150ms
2022-01-26 01:58:50.821 +00:00 [INF] Request starting HTTP/1.1 GET http://localhost:5097/img/icon.png - -
2022-01-26 01:58:50.885 +00:00 [INF] Sending file. Request path: '/img/icon.png'. Physical path: '/workspace/GymManager.Web/GymManager.Web/wwwroot/img/icon.png'
2022-01-26 01:58:50.889 +00:00 [INF] Request finished HTTP/1.1 GET http://localhost:5097/img/icon.png - - - 200 852 image/png 67.9812ms
2022-01-26 04:05:40.644 +00:00 [INF] Application is shutting down...
